D:\VS 2012 PROJECTS\SHP-SYSTEM (36)\TRADINGSYSTEM\DEBUG\TRADINGSYSTEM.PCH
D:\VS 2012 PROJECTS\SHP-SYSTEM (36)\TRADINGSYSTEM\DEBUG\STDAFX.OBJ
D:\VS 2012 PROJECTS\SHP-SYSTEM (36)\TRADINGSYSTEM\DEBUG\VC110.PDB
D:\VS 2012 PROJECTS\SHP-SYSTEM (36)\TRADINGSYSTEM\DEBUG\MATHFORMULA.OBJ
D:\VS 2012 PROJECTS\SHP-SYSTEM (36)\TRADINGSYSTEM\DEBUG\MODULELIST.OBJ
D:\VS 2012 PROJECTS\SHP-SYSTEM (36)\TRADINGSYSTEM\DEBUG\MODULERELATIONVIEW.OBJ
D:\VS 2012 PROJECTS\SHP-SYSTEM (36)\TRADINGSYSTEM\DEBUG\GRIDCELLCHECK.OBJ
D:\VS 2012 PROJECTS\SHP-SYSTEM (36)\TRADINGSYSTEM\DEBUG\GRIDCELLCOMBO.OBJ
D:\VS 2012 PROJECTS\SHP-SYSTEM (36)\TRADINGSYSTEM\DEBUG\GRIDCELLDATETIME.OBJ
D:\VS 2012 PROJECTS\SHP-SYSTEM (36)\TRADINGSYSTEM\DEBUG\GRIDCELLNUMERIC.OBJ
D:\VS 2012 PROJECTS\SHP-SYSTEM (36)\TRADINGSYSTEM\DEBUG\GRIDURLCELL.OBJ
D:\VS 2012 PROJECTS\SHP-SYSTEM (36)\TRADINGSYSTEM\DEBUG\OPTIONMANAGER.OBJ
D:\VS 2012 PROJECTS\SHP-SYSTEM (36)\TRADINGSYSTEM\DEBUG\OPTIONPARAMETER.OBJ
D:\VS 2012 PROJECTS\SHP-SYSTEM (36)\TRADINGSYSTEM\DEBUG\OPTIONPOSITIONGRIDCTRL.OBJ
D:\VS 2012 PROJECTS\SHP-SYSTEM (36)\TRADINGSYSTEM\DEBUG\OPTIONSTRATEGYLIST.OBJ
D:\VS 2012 PROJECTS\SHP-SYSTEM (36)\TRADINGSYSTEM\DEBUG\OUTPUTVIEW.OBJ
D:\VS 2012 PROJECTS\SHP-SYSTEM (36)\TRADINGSYSTEM\DEBUG\POSITIONLIST.OBJ
D:\VS 2012 PROJECTS\SHP-SYSTEM (36)\TRADINGSYSTEM\DEBUG\SHORTPOSITION.OBJ
D:\VS 2012 PROJECTS\SHP-SYSTEM (36)\TRADINGSYSTEM\DEBUG\TRADINGSYSTEM.OBJ
D:\VS 2012 PROJECTS\SHP-SYSTEM (36)\TRADINGSYSTEM\DEBUG\TRADINGSYSTEMDOC.OBJ
D:\VS 2012 PROJECTS\SHP-SYSTEM (36)\TRADINGSYSTEM\DEBUG\TRADINGSYSTEMMANAGER.OBJ
D:\VS 2012 PROJECTS\SHP-SYSTEM (36)\TRADINGSYSTEM\DEBUG\TRADINGSYSTEMVIEW.OBJ
D:\VS 2012 PROJECTS\SHP-SYSTEM (36)\TRADINGSYSTEM\DEBUG\DATACONVERTER.OBJ
D:\VS 2012 PROJECTS\SHP-SYSTEM (36)\TRADINGSYSTEM\DEBUG\EUROPEANOPTION.OBJ
D:\VS 2012 PROJECTS\SHP-SYSTEM (36)\TRADINGSYSTEM\DEBUG\FILEWRITER.OBJ
D:\VS 2012 PROJECTS\SHP-SYSTEM (36)\TRADINGSYSTEM\DEBUG\GRIDCELL.OBJ
D:\VS 2012 PROJECTS\SHP-SYSTEM (36)\TRADINGSYSTEM\DEBUG\GRIDCELLBASE.OBJ
D:\VS 2012 PROJECTS\SHP-SYSTEM (36)\TRADINGSYSTEM\DEBUG\GRIDCTRL.OBJ
D:\VS 2012 PROJECTS\SHP-SYSTEM (36)\TRADINGSYSTEM\DEBUG\GRIDDROPTARGET.OBJ
D:\VS 2012 PROJECTS\SHP-SYSTEM (36)\TRADINGSYSTEM\DEBUG\INPLACEEDIT.OBJ
D:\VS 2012 PROJECTS\SHP-SYSTEM (36)\TRADINGSYSTEM\DEBUG\TITLETIP.OBJ
D:\VS 2012 PROJECTS\SHP-SYSTEM (36)\TRADINGSYSTEM\DEBUG\INSTRUMENT.OBJ
D:\VS 2012 PROJECTS\SHP-SYSTEM (36)\TRADINGSYSTEM\DEBUG\INSTRUMENTCODEMAKER.OBJ
D:\VS 2012 PROJECTS\SHP-SYSTEM (36)\TRADINGSYSTEM\DEBUG\INSTRUMENTGRIDCTRL.OBJ
D:\VS 2012 PROJECTS\SHP-SYSTEM (36)\TRADINGSYSTEM\DEBUG\INSTRUMENTINFOXMLCONTROLLER.OBJ
D:\VS 2012 PROJECTS\SHP-SYSTEM (36)\TRADINGSYSTEM\DEBUG\INSTRUMENTLIST.OBJ
D:\VS 2012 PROJECTS\SHP-SYSTEM (36)\TRADINGSYSTEM\DEBUG\INSTRUMENTMANAGER.OBJ
D:\VS 2012 PROJECTS\SHP-SYSTEM (36)\TRADINGSYSTEM\DEBUG\LIMITORDERBOOK.OBJ
D:\VS 2012 PROJECTS\SHP-SYSTEM (36)\TRADINGSYSTEM\DEBUG\LOGININFOMANAGER.OBJ
D:\VS 2012 PROJECTS\SHP-SYSTEM (36)\TRADINGSYSTEM\DEBUG\LOGINTIME.OBJ
D:\VS 2012 PROJECTS\SHP-SYSTEM (36)\TRADINGSYSTEM\DEBUG\LONGPOSITION.OBJ
D:\VS 2012 PROJECTS\SHP-SYSTEM (36)\TRADINGSYSTEM\DEBUG\MAINFRM.OBJ
D:\VS 2012 PROJECTS\SHP-SYSTEM (36)\TRADINGSYSTEM\DEBUG\MARKUP.OBJ
D:\VS 2012 PROJECTS\SHP-SYSTEM (36)\TRADINGSYSTEM\DEBUG\DATAFEEDINGITEMINFOLIST.OBJ
D:\VS 2012 PROJECTS\SHP-SYSTEM (36)\TRADINGSYSTEM\DEBUG\DATABUNCHLIST.OBJ
D:\VS 2012 PROJECTS\SHP-SYSTEM (36)\TRADINGSYSTEM\DEBUG\DLGDATAFEEDINGINFOADD.OBJ
D:\VS 2012 PROJECTS\SHP-SYSTEM (36)\TRADINGSYSTEM\DEBUG\DLGDATAFEEDINGINFOITEMADD.OBJ
D:\VS 2012 PROJECTS\SHP-SYSTEM (36)\TRADINGSYSTEM\DEBUG\DLGETRADELOGINSTATUS.OBJ
D:\VS 2012 PROJECTS\SHP-SYSTEM (36)\TRADINGSYSTEM\DEBUG\DLGINSTRUMENTMANAGER.OBJ
D:\VS 2012 PROJECTS\SHP-SYSTEM (36)\TRADINGSYSTEM\DEBUG\DLGLOGINSTATUSTABBAR.OBJ
D:\VS 2012 PROJECTS\SHP-SYSTEM (36)\TRADINGSYSTEM\DEBUG\DLGMODULETREE.OBJ
D:\VS 2012 PROJECTS\SHP-SYSTEM (36)\TRADINGSYSTEM\DEBUG\DLGDATAFEEDINGMODULE.OBJ
D:\VS 2012 PROJECTS\SHP-SYSTEM (36)\TRADINGSYSTEM\DEBUG\DLGOPTIONMANAGER.OBJ
D:\VS 2012 PROJECTS\SHP-SYSTEM (36)\TRADINGSYSTEM\DEBUG\DLGOPTIONSTRATEGY.OBJ
D:\VS 2012 PROJECTS\SHP-SYSTEM (36)\TRADINGSYSTEM\DEBUG\DLGWOORILOGINSTATUS.OBJ
D:\VS 2012 PROJECTS\SHP-SYSTEM (36)\TRADINGSYSTEM\DEBUG\DATAFEEDINGINFOXMLCONTROLLER.OBJ
D:\VS 2012 PROJECTS\SHP-SYSTEM (36)\TRADINGSYSTEM\DEBUG\ETRADELOGININFO.OBJ
D:\VS 2012 PROJECTS\SHP-SYSTEM (36)\TRADINGSYSTEM\DEBUG\ETRADELOGININFOMANAGER.OBJ
D:\VS 2012 PROJECTS\SHP-SYSTEM (36)\TRADINGSYSTEM\DEBUG\ETRADELOGININFOXMLCONTROLLER.OBJ
D:\VS 2012 PROJECTS\SHP-SYSTEM (36)\TRADINGSYSTEM\DEBUG\ETRADELOGININFOXMLREADER.OBJ
D:\VS 2012 PROJECTS\SHP-SYSTEM (36)\TRADINGSYSTEM\DEBUG\ETRADELOGININFOXMLWRITER.OBJ
D:\VS 2012 PROJECTS\SHP-SYSTEM (36)\TRADINGSYSTEM\DEBUG\ETRADESERVERINFO.OBJ
D:\VS 2012 PROJECTS\SHP-SYSTEM (36)\TRADINGSYSTEM\DEBUG\ETRADEUSERINFO.OBJ
D:\VS 2012 PROJECTS\SHP-SYSTEM (36)\TRADINGSYSTEM\DEBUG\ASK.OBJ
D:\VS 2012 PROJECTS\SHP-SYSTEM (36)\TRADINGSYSTEM\DEBUG\ASKLIST.OBJ
D:\VS 2012 PROJECTS\SHP-SYSTEM (36)\TRADINGSYSTEM\DEBUG\BLACKSHOLESOPTIONPRICINGMODEL.OBJ
D:\VS 2012 PROJECTS\SHP-SYSTEM (36)\TRADINGSYSTEM\DEBUG\CHARTVIEWER.OBJ
D:\VS 2012 PROJECTS\SHP-SYSTEM (36)\TRADINGSYSTEM\DEBUG\CONTRACT.OBJ
D:\VS 2012 PROJECTS\SHP-SYSTEM (36)\TRADINGSYSTEM\DEBUG\DATABLOCK.OBJ
D:\VS 2012 PROJECTS\SHP-SYSTEM (36)\TRADINGSYSTEM\DEBUG\DATABUNCHESTONOTIFY.OBJ
D:\VS 2012 PROJECTS\SHP-SYSTEM (36)\TRADINGSYSTEM\DEBUG\DATABUNCHGRIDCTRL.OBJ
D:\VS 2012 PROJECTS\SHP-SYSTEM (36)\TRADINGSYSTEM\DEBUG\DATABUNCHITEM.OBJ
D:\VS 2012 PROJECTS\SHP-SYSTEM (36)\TRADINGSYSTEM\DEBUG\DATABUNCHITEMGRIDCTRL.OBJ
D:\VS 2012 PROJECTS\SHP-SYSTEM (36)\TRADINGSYSTEM\DEBUG\DATAFEEDINGEDITCTRL.OBJ
D:\VS 2012 PROJECTS\SHP-SYSTEM (36)\TRADINGSYSTEM\DEBUG\DATAFEEDINGGRIDCTRL.OBJ
D:\VS 2012 PROJECTS\SHP-SYSTEM (36)\TRADINGSYSTEM\DEBUG\DATAFEEDERLIST.OBJ
D:\VS 2012 PROJECTS\SHP-SYSTEM (36)\TRADINGSYSTEM\DEBUG\DATAFEEDINGINFOITEMLISTINGRID.OBJ
D:\VS 2012 PROJECTS\SHP-SYSTEM (36)\TRADINGSYSTEM\DEBUG\DATABUNCH.OBJ
D:\VS 2012 PROJECTS\SHP-SYSTEM (36)\TRADINGSYSTEM\DEBUG\DATAFEEDINGINFOMANAGER.OBJ
D:\VS 2012 PROJECTS\SHP-SYSTEM (36)\TRADINGSYSTEM\DEBUG\DATAFEEDINGITEMINFO.OBJ
D:\VS 2012 PROJECTS\SHP-SYSTEM (37) 옵션 매니저 추가  (포지션 추가 화면 없엔 버전)\TRADINGSYSTEM\DEBUG\TRADINGSYSTEM.PCH
D:\VS 2012 PROJECTS\SHP-SYSTEM (37) 옵션 매니저 추가  (포지션 추가 화면 없엔 버전)\TRADINGSYSTEM\DEBUG\VC110.PDB
D:\VS 2012 PROJECTS\SHP-SYSTEM (37) 옵션 매니저 추가  (포지션 추가 화면 없엔 버전)\TRADINGSYSTEM\DEBUG\STDAFX.OBJ
D:\VS 2012 PROJECTS\SHP-SYSTEM (37) 옵션 매니저 추가  (포지션 추가 화면 없엔 버전)\TRADINGSYSTEM\DEBUG\MATHFORMULA.OBJ
D:\VS 2012 PROJECTS\SHP-SYSTEM (37) 옵션 매니저 추가  (포지션 추가 화면 없엔 버전)\TRADINGSYSTEM\DEBUG\MODULELIST.OBJ
D:\VS 2012 PROJECTS\SHP-SYSTEM (37) 옵션 매니저 추가  (포지션 추가 화면 없엔 버전)\TRADINGSYSTEM\DEBUG\MODULERELATIONVIEW.OBJ
D:\VS 2012 PROJECTS\SHP-SYSTEM (37) 옵션 매니저 추가  (포지션 추가 화면 없엔 버전)\TRADINGSYSTEM\DEBUG\GRIDCELLCHECK.OBJ
D:\VS 2012 PROJECTS\SHP-SYSTEM (37) 옵션 매니저 추가  (포지션 추가 화면 없엔 버전)\TRADINGSYSTEM\DEBUG\GRIDCELLCOMBO.OBJ
D:\VS 2012 PROJECTS\SHP-SYSTEM (37) 옵션 매니저 추가  (포지션 추가 화면 없엔 버전)\TRADINGSYSTEM\DEBUG\GRIDCELLDATETIME.OBJ
D:\VS 2012 PROJECTS\SHP-SYSTEM (37) 옵션 매니저 추가  (포지션 추가 화면 없엔 버전)\TRADINGSYSTEM\DEBUG\GRIDCELLNUMERIC.OBJ
D:\VS 2012 PROJECTS\SHP-SYSTEM (37) 옵션 매니저 추가  (포지션 추가 화면 없엔 버전)\TRADINGSYSTEM\DEBUG\GRIDURLCELL.OBJ
D:\VS 2012 PROJECTS\SHP-SYSTEM (37) 옵션 매니저 추가  (포지션 추가 화면 없엔 버전)\TRADINGSYSTEM\DEBUG\OPTIONMANAGER.OBJ
D:\VS 2012 PROJECTS\SHP-SYSTEM (37) 옵션 매니저 추가  (포지션 추가 화면 없엔 버전)\TRADINGSYSTEM\DEBUG\OPTIONPARAMETER.OBJ
D:\VS 2012 PROJECTS\SHP-SYSTEM (37) 옵션 매니저 추가  (포지션 추가 화면 없엔 버전)\TRADINGSYSTEM\DEBUG\OPTIONPOSITIONGRIDCTRL.OBJ
D:\VS 2012 PROJECTS\SHP-SYSTEM (37) 옵션 매니저 추가  (포지션 추가 화면 없엔 버전)\TRADINGSYSTEM\DEBUG\OPTIONSTRATEGYLIST.OBJ
D:\VS 2012 PROJECTS\SHP-SYSTEM (37) 옵션 매니저 추가  (포지션 추가 화면 없엔 버전)\TRADINGSYSTEM\DEBUG\OUTPUTVIEW.OBJ
D:\VS 2012 PROJECTS\SHP-SYSTEM (37) 옵션 매니저 추가  (포지션 추가 화면 없엔 버전)\TRADINGSYSTEM\DEBUG\POSITIONLIST.OBJ
D:\VS 2012 PROJECTS\SHP-SYSTEM (37) 옵션 매니저 추가  (포지션 추가 화면 없엔 버전)\TRADINGSYSTEM\DEBUG\SHORTPOSITION.OBJ
D:\VS 2012 PROJECTS\SHP-SYSTEM (37) 옵션 매니저 추가  (포지션 추가 화면 없엔 버전)\TRADINGSYSTEM\DEBUG\TRADINGSYSTEM.OBJ
D:\VS 2012 PROJECTS\SHP-SYSTEM (37) 옵션 매니저 추가  (포지션 추가 화면 없엔 버전)\TRADINGSYSTEM\DEBUG\TRADINGSYSTEMDOC.OBJ
D:\VS 2012 PROJECTS\SHP-SYSTEM (37) 옵션 매니저 추가  (포지션 추가 화면 없엔 버전)\TRADINGSYSTEM\DEBUG\TRADINGSYSTEMMANAGER.OBJ
D:\VS 2012 PROJECTS\SHP-SYSTEM (37) 옵션 매니저 추가  (포지션 추가 화면 없엔 버전)\TRADINGSYSTEM\DEBUG\TRADINGSYSTEMVIEW.OBJ
D:\VS 2012 PROJECTS\SHP-SYSTEM (37) 옵션 매니저 추가  (포지션 추가 화면 없엔 버전)\TRADINGSYSTEM\DEBUG\DATACONVERTER.OBJ
D:\VS 2012 PROJECTS\SHP-SYSTEM (37) 옵션 매니저 추가  (포지션 추가 화면 없엔 버전)\TRADINGSYSTEM\DEBUG\EUROPEANOPTION.OBJ
D:\VS 2012 PROJECTS\SHP-SYSTEM (37) 옵션 매니저 추가  (포지션 추가 화면 없엔 버전)\TRADINGSYSTEM\DEBUG\FILEWRITER.OBJ
D:\VS 2012 PROJECTS\SHP-SYSTEM (37) 옵션 매니저 추가  (포지션 추가 화면 없엔 버전)\TRADINGSYSTEM\DEBUG\GRIDCELL.OBJ
D:\VS 2012 PROJECTS\SHP-SYSTEM (37) 옵션 매니저 추가  (포지션 추가 화면 없엔 버전)\TRADINGSYSTEM\DEBUG\GRIDCELLBASE.OBJ
D:\VS 2012 PROJECTS\SHP-SYSTEM (37) 옵션 매니저 추가  (포지션 추가 화면 없엔 버전)\TRADINGSYSTEM\DEBUG\GRIDCTRL.OBJ
D:\VS 2012 PROJECTS\SHP-SYSTEM (37) 옵션 매니저 추가  (포지션 추가 화면 없엔 버전)\TRADINGSYSTEM\DEBUG\GRIDDROPTARGET.OBJ
D:\VS 2012 PROJECTS\SHP-SYSTEM (37) 옵션 매니저 추가  (포지션 추가 화면 없엔 버전)\TRADINGSYSTEM\DEBUG\INPLACEEDIT.OBJ
D:\VS 2012 PROJECTS\SHP-SYSTEM (37) 옵션 매니저 추가  (포지션 추가 화면 없엔 버전)\TRADINGSYSTEM\DEBUG\TITLETIP.OBJ
D:\VS 2012 PROJECTS\SHP-SYSTEM (37) 옵션 매니저 추가  (포지션 추가 화면 없엔 버전)\TRADINGSYSTEM\DEBUG\INSTRUMENT.OBJ
D:\VS 2012 PROJECTS\SHP-SYSTEM (37) 옵션 매니저 추가  (포지션 추가 화면 없엔 버전)\TRADINGSYSTEM\DEBUG\INSTRUMENTCODEMAKER.OBJ
D:\VS 2012 PROJECTS\SHP-SYSTEM (37) 옵션 매니저 추가  (포지션 추가 화면 없엔 버전)\TRADINGSYSTEM\DEBUG\INSTRUMENTGRIDCTRL.OBJ
D:\VS 2012 PROJECTS\SHP-SYSTEM (37) 옵션 매니저 추가  (포지션 추가 화면 없엔 버전)\TRADINGSYSTEM\DEBUG\INSTRUMENTINFOXMLCONTROLLER.OBJ
D:\VS 2012 PROJECTS\SHP-SYSTEM (37) 옵션 매니저 추가  (포지션 추가 화면 없엔 버전)\TRADINGSYSTEM\DEBUG\INSTRUMENTLIST.OBJ
D:\VS 2012 PROJECTS\SHP-SYSTEM (37) 옵션 매니저 추가  (포지션 추가 화면 없엔 버전)\TRADINGSYSTEM\DEBUG\INSTRUMENTMANAGER.OBJ
D:\VS 2012 PROJECTS\SHP-SYSTEM (37) 옵션 매니저 추가  (포지션 추가 화면 없엔 버전)\TRADINGSYSTEM\DEBUG\LIMITORDERBOOK.OBJ
D:\VS 2012 PROJECTS\SHP-SYSTEM (37) 옵션 매니저 추가  (포지션 추가 화면 없엔 버전)\TRADINGSYSTEM\DEBUG\LOGININFOMANAGER.OBJ
D:\VS 2012 PROJECTS\SHP-SYSTEM (37) 옵션 매니저 추가  (포지션 추가 화면 없엔 버전)\TRADINGSYSTEM\DEBUG\LOGINTIME.OBJ
D:\VS 2012 PROJECTS\SHP-SYSTEM (37) 옵션 매니저 추가  (포지션 추가 화면 없엔 버전)\TRADINGSYSTEM\DEBUG\LONGPOSITION.OBJ
D:\VS 2012 PROJECTS\SHP-SYSTEM (37) 옵션 매니저 추가  (포지션 추가 화면 없엔 버전)\TRADINGSYSTEM\DEBUG\MAINFRM.OBJ
D:\VS 2012 PROJECTS\SHP-SYSTEM (37) 옵션 매니저 추가  (포지션 추가 화면 없엔 버전)\TRADINGSYSTEM\DEBUG\MARKUP.OBJ
D:\VS 2012 PROJECTS\SHP-SYSTEM (37) 옵션 매니저 추가  (포지션 추가 화면 없엔 버전)\TRADINGSYSTEM\DEBUG\DATAFEEDINGITEMINFOLIST.OBJ
D:\VS 2012 PROJECTS\SHP-SYSTEM (37) 옵션 매니저 추가  (포지션 추가 화면 없엔 버전)\TRADINGSYSTEM\DEBUG\DATABUNCHLIST.OBJ
D:\VS 2012 PROJECTS\SHP-SYSTEM (37) 옵션 매니저 추가  (포지션 추가 화면 없엔 버전)\TRADINGSYSTEM\DEBUG\DLGDATAFEEDINGINFOADD.OBJ
D:\VS 2012 PROJECTS\SHP-SYSTEM (37) 옵션 매니저 추가  (포지션 추가 화면 없엔 버전)\TRADINGSYSTEM\DEBUG\DLGDATAFEEDINGINFOITEMADD.OBJ
D:\VS 2012 PROJECTS\SHP-SYSTEM (37) 옵션 매니저 추가  (포지션 추가 화면 없엔 버전)\TRADINGSYSTEM\DEBUG\DLGETRADELOGINSTATUS.OBJ
D:\VS 2012 PROJECTS\SHP-SYSTEM (37) 옵션 매니저 추가  (포지션 추가 화면 없엔 버전)\TRADINGSYSTEM\DEBUG\DLGINSTRUMENTMANAGER.OBJ
D:\VS 2012 PROJECTS\SHP-SYSTEM (37) 옵션 매니저 추가  (포지션 추가 화면 없엔 버전)\TRADINGSYSTEM\DEBUG\DLGLOGINSTATUSTABBAR.OBJ
D:\VS 2012 PROJECTS\SHP-SYSTEM (37) 옵션 매니저 추가  (포지션 추가 화면 없엔 버전)\TRADINGSYSTEM\DEBUG\DLGMODULETREE.OBJ
D:\VS 2012 PROJECTS\SHP-SYSTEM (37) 옵션 매니저 추가  (포지션 추가 화면 없엔 버전)\TRADINGSYSTEM\DEBUG\DLGDATAFEEDINGMODULE.OBJ
D:\VS 2012 PROJECTS\SHP-SYSTEM (37) 옵션 매니저 추가  (포지션 추가 화면 없엔 버전)\TRADINGSYSTEM\DEBUG\DLGOPTIONMANAGER.OBJ
D:\VS 2012 PROJECTS\SHP-SYSTEM (37) 옵션 매니저 추가  (포지션 추가 화면 없엔 버전)\TRADINGSYSTEM\DEBUG\DLGOPTIONSTRATEGY.OBJ
D:\VS 2012 PROJECTS\SHP-SYSTEM (37) 옵션 매니저 추가  (포지션 추가 화면 없엔 버전)\TRADINGSYSTEM\DEBUG\DLGWOORILOGINSTATUS.OBJ
D:\VS 2012 PROJECTS\SHP-SYSTEM (37) 옵션 매니저 추가  (포지션 추가 화면 없엔 버전)\TRADINGSYSTEM\DEBUG\DATAFEEDINGINFOXMLCONTROLLER.OBJ
D:\VS 2012 PROJECTS\SHP-SYSTEM (37) 옵션 매니저 추가  (포지션 추가 화면 없엔 버전)\TRADINGSYSTEM\DEBUG\ETRADELOGININFO.OBJ
D:\VS 2012 PROJECTS\SHP-SYSTEM (37) 옵션 매니저 추가  (포지션 추가 화면 없엔 버전)\TRADINGSYSTEM\DEBUG\ETRADELOGININFOMANAGER.OBJ
D:\VS 2012 PROJECTS\SHP-SYSTEM (37) 옵션 매니저 추가  (포지션 추가 화면 없엔 버전)\TRADINGSYSTEM\DEBUG\ETRADELOGININFOXMLCONTROLLER.OBJ
D:\VS 2012 PROJECTS\SHP-SYSTEM (37) 옵션 매니저 추가  (포지션 추가 화면 없엔 버전)\TRADINGSYSTEM\DEBUG\ETRADELOGININFOXMLREADER.OBJ
D:\VS 2012 PROJECTS\SHP-SYSTEM (37) 옵션 매니저 추가  (포지션 추가 화면 없엔 버전)\TRADINGSYSTEM\DEBUG\ETRADELOGININFOXMLWRITER.OBJ
D:\VS 2012 PROJECTS\SHP-SYSTEM (37) 옵션 매니저 추가  (포지션 추가 화면 없엔 버전)\TRADINGSYSTEM\DEBUG\ETRADESERVERINFO.OBJ
D:\VS 2012 PROJECTS\SHP-SYSTEM (37) 옵션 매니저 추가  (포지션 추가 화면 없엔 버전)\TRADINGSYSTEM\DEBUG\ETRADEUSERINFO.OBJ
D:\VS 2012 PROJECTS\SHP-SYSTEM (37) 옵션 매니저 추가  (포지션 추가 화면 없엔 버전)\TRADINGSYSTEM\DEBUG\ASK.OBJ
D:\VS 2012 PROJECTS\SHP-SYSTEM (37) 옵션 매니저 추가  (포지션 추가 화면 없엔 버전)\TRADINGSYSTEM\DEBUG\ASKLIST.OBJ
D:\VS 2012 PROJECTS\SHP-SYSTEM (37) 옵션 매니저 추가  (포지션 추가 화면 없엔 버전)\TRADINGSYSTEM\DEBUG\BLACKSHOLESOPTIONPRICINGMODEL.OBJ
D:\VS 2012 PROJECTS\SHP-SYSTEM (37) 옵션 매니저 추가  (포지션 추가 화면 없엔 버전)\TRADINGSYSTEM\DEBUG\CHARTVIEWER.OBJ
D:\VS 2012 PROJECTS\SHP-SYSTEM (37) 옵션 매니저 추가  (포지션 추가 화면 없엔 버전)\TRADINGSYSTEM\DEBUG\CONTRACT.OBJ
D:\VS 2012 PROJECTS\SHP-SYSTEM (37) 옵션 매니저 추가  (포지션 추가 화면 없엔 버전)\TRADINGSYSTEM\DEBUG\DATABLOCK.OBJ
D:\VS 2012 PROJECTS\SHP-SYSTEM (37) 옵션 매니저 추가  (포지션 추가 화면 없엔 버전)\TRADINGSYSTEM\DEBUG\DATABUNCHESTONOTIFY.OBJ
D:\VS 2012 PROJECTS\SHP-SYSTEM (37) 옵션 매니저 추가  (포지션 추가 화면 없엔 버전)\TRADINGSYSTEM\DEBUG\DATABUNCHGRIDCTRL.OBJ
D:\VS 2012 PROJECTS\SHP-SYSTEM (37) 옵션 매니저 추가  (포지션 추가 화면 없엔 버전)\TRADINGSYSTEM\DEBUG\DATABUNCHITEM.OBJ
D:\VS 2012 PROJECTS\SHP-SYSTEM (37) 옵션 매니저 추가  (포지션 추가 화면 없엔 버전)\TRADINGSYSTEM\DEBUG\DATABUNCHITEMGRIDCTRL.OBJ
D:\VS 2012 PROJECTS\SHP-SYSTEM (37) 옵션 매니저 추가  (포지션 추가 화면 없엔 버전)\TRADINGSYSTEM\DEBUG\DATAFEEDINGEDITCTRL.OBJ
D:\VS 2012 PROJECTS\SHP-SYSTEM (37) 옵션 매니저 추가  (포지션 추가 화면 없엔 버전)\TRADINGSYSTEM\DEBUG\DATAFEEDINGGRIDCTRL.OBJ
D:\VS 2012 PROJECTS\SHP-SYSTEM (37) 옵션 매니저 추가  (포지션 추가 화면 없엔 버전)\TRADINGSYSTEM\DEBUG\DATAFEEDERLIST.OBJ
D:\VS 2012 PROJECTS\SHP-SYSTEM (37) 옵션 매니저 추가  (포지션 추가 화면 없엔 버전)\TRADINGSYSTEM\DEBUG\DATAFEEDINGINFOITEMLISTINGRID.OBJ
D:\VS 2012 PROJECTS\SHP-SYSTEM (37) 옵션 매니저 추가  (포지션 추가 화면 없엔 버전)\TRADINGSYSTEM\DEBUG\DATABUNCH.OBJ
D:\VS 2012 PROJECTS\SHP-SYSTEM (37) 옵션 매니저 추가  (포지션 추가 화면 없엔 버전)\TRADINGSYSTEM\DEBUG\DATAFEEDINGINFOMANAGER.OBJ
D:\VS 2012 PROJECTS\SHP-SYSTEM (37) 옵션 매니저 추가  (포지션 추가 화면 없엔 버전)\TRADINGSYSTEM\DEBUG\DATAFEEDINGITEMINFO.OBJ
D:\VS 2012 PROJECTS\SHP-SYSTEM (37) 옵션 매니저 추가  (포지션 추가 화면 없엔 버전)\TRADINGSYSTEM\DEBUG\DATEINFO.OBJ
D:\VS 2012 PROJECTS\SHP-SYSTEM (37) 옵션 매니저 추가  (포지션 추가 화면 없엔 버전)\TRADINGSYSTEM\DEBUG\HOLIDAYLIST.OBJ
D:\VS 2012 PROJECTS\SHP-SYSTEM (37) 옵션 매니저 추가  (포지션 추가 화면 없엔 버전)\TRADINGSYSTEM\DEBUG\EXPIRYCALCULATOR.OBJ
D:\VS 2012 PROJECTS\SHP-SYSTEM (37) 옵션 매니저 추가  (포지션 추가 화면 없엔 버전)\TRADINGSYSTEM\DEBUG\MATHCALCULATOR.OBJ
D:\VS 2012 PROJECTS\SHP-SYSTEM (38) 옵션 매니저 추가  (옵셔 전광판 이론가 계산 화면)\TRADINGSYSTEM\DEBUG\TRADINGSYSTEM.PCH
D:\VS 2012 PROJECTS\SHP-SYSTEM (38) 옵션 매니저 추가  (옵셔 전광판 이론가 계산 화면)\TRADINGSYSTEM\DEBUG\STDAFX.OBJ
D:\VS 2012 PROJECTS\SHP-SYSTEM (38) 옵션 매니저 추가  (옵셔 전광판 이론가 계산 화면)\TRADINGSYSTEM\DEBUG\VC110.PDB
D:\VS 2012 PROJECTS\SHP-SYSTEM (38) 옵션 매니저 추가  (옵셔 전광판 이론가 계산 화면)\TRADINGSYSTEM\DEBUG\BLACKSHOLESOPTIONPRICINGMODEL.OBJ
D:\VS 2012 PROJECTS\SHP-SYSTEM (38) 옵션 매니저 추가  (옵셔 전광판 이론가 계산 화면)\TRADINGSYSTEM\DEBUG\DLGOPTIONSTRATEGY.OBJ
D:\VS 2012 PROJECTS\SHP-SYSTEM (38) 옵션 매니저 추가  (옵셔 전광판 이론가 계산 화면)\TRADINGSYSTEM\DEBUG\EUROPEANOPTION.OBJ
D:\VS 2012 PROJECTS\SHP-SYSTEM (38) 옵션 매니저 추가  (옵셔 전광판 이론가 계산 화면)\TRADINGSYSTEM\DEBUG\EXPIRYCALCULATOR.OBJ
D:\VS 2012 PROJECTS\SHP-SYSTEM (38) 옵션 매니저 추가  (옵셔 전광판 이론가 계산 화면)\TRADINGSYSTEM\DEBUG\OPTIONLISTGRIDCTRL.OBJ
D:\VS 2012 PROJECTS\SHP-SYSTEM (38) 옵션 매니저 추가  (옵셔 전광판 이론가 계산 화면)\TRADINGSYSTEM\DEBUG\DATABUNCHGRIDCTRL.OBJ
D:\VS 2012 PROJECTS\SHP-SYSTEM (38) 옵션 매니저 추가  (옵셔 전광판 이론가 계산 화면)\TRADINGSYSTEM\DEBUG\DATABUNCHITEMGRIDCTRL.OBJ
D:\VS 2012 PROJECTS\SHP-SYSTEM (38) 옵션 매니저 추가  (옵셔 전광판 이론가 계산 화면)\TRADINGSYSTEM\DEBUG\DATAFEEDINGGRIDCTRL.OBJ
D:\VS 2012 PROJECTS\SHP-SYSTEM (38) 옵션 매니저 추가  (옵셔 전광판 이론가 계산 화면)\TRADINGSYSTEM\DEBUG\DLGDATAFEEDINGINFOITEMADD.OBJ
D:\VS 2012 PROJECTS\SHP-SYSTEM (38) 옵션 매니저 추가  (옵셔 전광판 이론가 계산 화면)\TRADINGSYSTEM\DEBUG\DLGDATAFEEDINGMODULE.OBJ
D:\VS 2012 PROJECTS\SHP-SYSTEM (38) 옵션 매니저 추가  (옵셔 전광판 이론가 계산 화면)\TRADINGSYSTEM\DEBUG\DLGETRADELOGINSTATUS.OBJ
D:\VS 2012 PROJECTS\SHP-SYSTEM (38) 옵션 매니저 추가  (옵셔 전광판 이론가 계산 화면)\TRADINGSYSTEM\DEBUG\DLGINSTRUMENTMANAGER.OBJ
D:\VS 2012 PROJECTS\SHP-SYSTEM (38) 옵션 매니저 추가  (옵셔 전광판 이론가 계산 화면)\TRADINGSYSTEM\DEBUG\DLGLOGINSTATUSTABBAR.OBJ
D:\VS 2012 PROJECTS\SHP-SYSTEM (38) 옵션 매니저 추가  (옵셔 전광판 이론가 계산 화면)\TRADINGSYSTEM\DEBUG\DLGMODULETREE.OBJ
D:\VS 2012 PROJECTS\SHP-SYSTEM (38) 옵션 매니저 추가  (옵셔 전광판 이론가 계산 화면)\TRADINGSYSTEM\DEBUG\DLGOPTIONMANAGER.OBJ
D:\VS 2012 PROJECTS\SHP-SYSTEM (38) 옵션 매니저 추가  (옵셔 전광판 이론가 계산 화면)\TRADINGSYSTEM\DEBUG\DLGWOORILOGINSTATUS.OBJ
D:\VS 2012 PROJECTS\SHP-SYSTEM (38) 옵션 매니저 추가  (옵셔 전광판 이론가 계산 화면)\TRADINGSYSTEM\DEBUG\MAINFRM.OBJ
D:\VS 2012 PROJECTS\SHP-SYSTEM (38) 옵션 매니저 추가  (옵셔 전광판 이론가 계산 화면)\TRADINGSYSTEM\DEBUG\MODULERELATIONVIEW.OBJ
D:\VS 2012 PROJECTS\SHP-SYSTEM (38) 옵션 매니저 추가  (옵셔 전광판 이론가 계산 화면)\TRADINGSYSTEM\DEBUG\OPTIONPOSITIONGRIDCTRL.OBJ
D:\VS 2012 PROJECTS\SHP-SYSTEM (38) 옵션 매니저 추가  (옵셔 전광판 이론가 계산 화면)\TRADINGSYSTEM\DEBUG\OUTPUTVIEW.OBJ
D:\VS 2012 PROJECTS\SHP-SYSTEM (38) 옵션 매니저 추가  (옵셔 전광판 이론가 계산 화면)\TRADINGSYSTEM\DEBUG\TRADINGSYSTEM.OBJ
D:\VS 2012 PROJECTS\SHP-SYSTEM (38) 옵션 매니저 추가  (옵셔 전광판 이론가 계산 화면)\TRADINGSYSTEM\DEBUG\TRADINGSYSTEMDOC.OBJ
D:\VS 2012 PROJECTS\SHP-SYSTEM (38) 옵션 매니저 추가  (옵셔 전광판 이론가 계산 화면)\TRADINGSYSTEM\DEBUG\TRADINGSYSTEMVIEW.OBJ
D:\VS 2012 PROJECTS\SHP-SYSTEM (38) 옵션 매니저 추가  (옵셔 전광판 이론가 계산 화면)\TRADINGSYSTEM\DEBUG\OPTIONSTRIKEPRICEINFO.OBJ
D:\VS 2012 PROJECTS\SHP-SYSTEM (38) 옵션 매니저 추가  (옵셔 전광판 이론가 계산 화면)\TRADINGSYSTEM\DEBUG\OPTIONSTRIKEPRICEINFOLIST.OBJ
D:\VS 2012 PROJECTS\SHP-SYSTEM (38) 옵션 매니저 추가  (옵셔 전광판 이론가 계산 화면)\TRADINGSYSTEM\DEBUG\OPTIONVALUE.OBJ
D:\VS 2012 PROJECTS\SHP-SYSTEM (38) 옵션 매니저 추가  (옵셔 전광판 이론가 계산 화면)\TRADINGSYSTEM\DEBUG\OPTIONPRICEBOARDITEM.OBJ
D:\VS 2012 PROJECTS\SHP-SYSTEM (38) 옵션 매니저 추가  (옵셔 전광판 이론가 계산 화면)\TRADINGSYSTEM\DEBUG\OPTIONPRICEBOARD.OBJ
D:\VS 2012 PROJECTS\SHP-SYSTEM (38) 옵션 매니저 추가  (옵셔 전광판 이론가 계산 화면)\TRADINGSYSTEM\DEBUG\OPTIONINFO.OBJ
D:\VS 2012 PROJECTS\SHP-SYSTEM (38) 옵션 매니저 추가  (옵셔 전광판 이론가 계산 화면)\TRADINGSYSTEM\DEBUG\OPTIONINFOLIST.OBJ
D:\VS 2012 PROJECTS\SHP-SYSTEM (38) 옵션 매니저 추가  (옵셔 전광판 이론가 계산 화면)\TRADINGSYSTEM\DEBUG\INSTRUMENTINFOXMLCONTROLLER.OBJ
D:\VS 2012 PROJECTS\SHP-SYSTEM (38) 옵션 매니저 추가  (옵셔 전광판 이론가 계산 화면)\TRADINGSYSTEM\DEBUG\LONGPOSITION.OBJ
D:\VS 2012 PROJECTS\SHP-SYSTEM (38) 옵션 매니저 추가  (옵셔 전광판 이론가 계산 화면)\TRADINGSYSTEM\DEBUG\OPTIONMANAGER.OBJ
D:\VS 2012 PROJECTS\SHP-SYSTEM (38) 옵션 매니저 추가  (옵셔 전광판 이론가 계산 화면)\TRADINGSYSTEM\DEBUG\OPTIONSTRATEGYLIST.OBJ
D:\VS 2012 PROJECTS\SHP-SYSTEM (38) 옵션 매니저 추가  (옵셔 전광판 이론가 계산 화면)\TRADINGSYSTEM\DEBUG\POSITIONLIST.OBJ
D:\VS 2012 PROJECTS\SHP-SYSTEM (38) 옵션 매니저 추가  (옵셔 전광판 이론가 계산 화면)\TRADINGSYSTEM\DEBUG\SENSITIVITY.OBJ
D:\VS 2012 PROJECTS\SHP-SYSTEM (38) 옵션 매니저 추가  (옵셔 전광판 이론가 계산 화면)\TRADINGSYSTEM\DEBUG\SHORTPOSITION.OBJ
D:\VS 2012 PROJECTS\SHP-SYSTEM (38) 옵션 매니저 추가  (옵셔 전광판 이론가 계산 화면)\TRADINGSYSTEM\DEBUG\TRADINGSYSTEMMANAGER.OBJ
D:\VS 2012 PROJECTS\SHP-SYSTEM (38) 옵션 매니저 추가  (옵셔 전광판 이론가 계산 화면)\TRADINGSYSTEM\DEBUG\DATAFEEDINGINFOMANAGER.OBJ
D:\VS 2012 PROJECTS\SHP-SYSTEM (38) 옵션 매니저 추가  (옵셔 전광판 이론가 계산 화면)\TRADINGSYSTEM\DEBUG\DATAFEEDINGINFOXMLCONTROLLER.OBJ
D:\VS 2012 PROJECTS\SHP-SYSTEM (38) 옵션 매니저 추가  (옵셔 전광판, 잔존기간 365)\TRADINGSYSTEM\DEBUG\TRADINGSYSTEM.PCH
D:\VS 2012 PROJECTS\SHP-SYSTEM (38) 옵션 매니저 추가  (옵셔 전광판, 잔존기간 365)\TRADINGSYSTEM\DEBUG\STDAFX.OBJ
D:\VS 2012 PROJECTS\SHP-SYSTEM (38) 옵션 매니저 추가  (옵셔 전광판, 잔존기간 365)\TRADINGSYSTEM\DEBUG\VC110.PDB
D:\VS 2012 PROJECTS\SHP-SYSTEM (38) 옵션 매니저 추가  (옵셔 전광판, 잔존기간 365)\TRADINGSYSTEM\DEBUG\GRIDURLCELL.OBJ
D:\VS 2012 PROJECTS\SHP-SYSTEM (38) 옵션 매니저 추가  (옵셔 전광판, 잔존기간 365)\TRADINGSYSTEM\DEBUG\OPTIONINFO.OBJ
D:\VS 2012 PROJECTS\SHP-SYSTEM (38) 옵션 매니저 추가  (옵셔 전광판, 잔존기간 365)\TRADINGSYSTEM\DEBUG\OPTIONINFOLIST.OBJ
D:\VS 2012 PROJECTS\SHP-SYSTEM (38) 옵션 매니저 추가  (옵셔 전광판, 잔존기간 365)\TRADINGSYSTEM\DEBUG\OPTIONPRICEBOARDITEM.OBJ
D:\VS 2012 PROJECTS\SHP-SYSTEM (38) 옵션 매니저 추가  (옵셔 전광판, 잔존기간 365)\TRADINGSYSTEM\DEBUG\OPTIONLISTGRIDCTRL.OBJ
D:\VS 2012 PROJECTS\SHP-SYSTEM (38) 옵션 매니저 추가  (옵셔 전광판, 잔존기간 365)\TRADINGSYSTEM\DEBUG\OPTIONMANAGER.OBJ
D:\VS 2012 PROJECTS\SHP-SYSTEM (38) 옵션 매니저 추가  (옵셔 전광판, 잔존기간 365)\TRADINGSYSTEM\DEBUG\OPTIONPARAMETER.OBJ
D:\VS 2012 PROJECTS\SHP-SYSTEM (38) 옵션 매니저 추가  (옵셔 전광판, 잔존기간 365)\TRADINGSYSTEM\DEBUG\OPTIONPOSITIONGRIDCTRL.OBJ
D:\VS 2012 PROJECTS\SHP-SYSTEM (38) 옵션 매니저 추가  (옵셔 전광판, 잔존기간 365)\TRADINGSYSTEM\DEBUG\OPTIONSTRATEGYLIST.OBJ
D:\VS 2012 PROJECTS\SHP-SYSTEM (38) 옵션 매니저 추가  (옵셔 전광판, 잔존기간 365)\TRADINGSYSTEM\DEBUG\OPTIONPRICEBOARD.OBJ
D:\VS 2012 PROJECTS\SHP-SYSTEM (38) 옵션 매니저 추가  (옵셔 전광판, 잔존기간 365)\TRADINGSYSTEM\DEBUG\OPTIONVALUE.OBJ
D:\VS 2012 PROJECTS\SHP-SYSTEM (38) 옵션 매니저 추가  (옵셔 전광판, 잔존기간 365)\TRADINGSYSTEM\DEBUG\OUTPUTVIEW.OBJ
D:\VS 2012 PROJECTS\SHP-SYSTEM (38) 옵션 매니저 추가  (옵셔 전광판, 잔존기간 365)\TRADINGSYSTEM\DEBUG\POSITIONLIST.OBJ
D:\VS 2012 PROJECTS\SHP-SYSTEM (38) 옵션 매니저 추가  (옵셔 전광판, 잔존기간 365)\TRADINGSYSTEM\DEBUG\SENSITIVITY.OBJ
D:\VS 2012 PROJECTS\SHP-SYSTEM (38) 옵션 매니저 추가  (옵셔 전광판, 잔존기간 365)\TRADINGSYSTEM\DEBUG\SHORTPOSITION.OBJ
D:\VS 2012 PROJECTS\SHP-SYSTEM (38) 옵션 매니저 추가  (옵셔 전광판, 잔존기간 365)\TRADINGSYSTEM\DEBUG\TRADINGSYSTEM.OBJ
D:\VS 2012 PROJECTS\SHP-SYSTEM (38) 옵션 매니저 추가  (옵셔 전광판, 잔존기간 365)\TRADINGSYSTEM\DEBUG\TRADINGSYSTEMDOC.OBJ
D:\VS 2012 PROJECTS\SHP-SYSTEM (38) 옵션 매니저 추가  (옵셔 전광판, 잔존기간 365)\TRADINGSYSTEM\DEBUG\TRADINGSYSTEMMANAGER.OBJ
D:\VS 2012 PROJECTS\SHP-SYSTEM (38) 옵션 매니저 추가  (옵셔 전광판, 잔존기간 365)\TRADINGSYSTEM\DEBUG\TRADINGSYSTEMVIEW.OBJ
D:\VS 2012 PROJECTS\SHP-SYSTEM (38) 옵션 매니저 추가  (옵셔 전광판, 잔존기간 365)\TRADINGSYSTEM\DEBUG\DATACONVERTER.OBJ
D:\VS 2012 PROJECTS\SHP-SYSTEM (38) 옵션 매니저 추가  (옵셔 전광판, 잔존기간 365)\TRADINGSYSTEM\DEBUG\INSTRUMENT.OBJ
D:\VS 2012 PROJECTS\SHP-SYSTEM (38) 옵션 매니저 추가  (옵셔 전광판, 잔존기간 365)\TRADINGSYSTEM\DEBUG\INSTRUMENTCODEMAKER.OBJ
D:\VS 2012 PROJECTS\SHP-SYSTEM (38) 옵션 매니저 추가  (옵셔 전광판, 잔존기간 365)\TRADINGSYSTEM\DEBUG\INSTRUMENTGRIDCTRL.OBJ
D:\VS 2012 PROJECTS\SHP-SYSTEM (38) 옵션 매니저 추가  (옵셔 전광판, 잔존기간 365)\TRADINGSYSTEM\DEBUG\INSTRUMENTINFOXMLCONTROLLER.OBJ
D:\VS 2012 PROJECTS\SHP-SYSTEM (38) 옵션 매니저 추가  (옵셔 전광판, 잔존기간 365)\TRADINGSYSTEM\DEBUG\INSTRUMENTLIST.OBJ
D:\VS 2012 PROJECTS\SHP-SYSTEM (38) 옵션 매니저 추가  (옵셔 전광판, 잔존기간 365)\TRADINGSYSTEM\DEBUG\INSTRUMENTMANAGER.OBJ
D:\VS 2012 PROJECTS\SHP-SYSTEM (38) 옵션 매니저 추가  (옵셔 전광판, 잔존기간 365)\TRADINGSYSTEM\DEBUG\LIMITORDERBOOK.OBJ
D:\VS 2012 PROJECTS\SHP-SYSTEM (38) 옵션 매니저 추가  (옵셔 전광판, 잔존기간 365)\TRADINGSYSTEM\DEBUG\LOGININFOMANAGER.OBJ
D:\VS 2012 PROJECTS\SHP-SYSTEM (38) 옵션 매니저 추가  (옵셔 전광판, 잔존기간 365)\TRADINGSYSTEM\DEBUG\LOGINTIME.OBJ
D:\VS 2012 PROJECTS\SHP-SYSTEM (38) 옵션 매니저 추가  (옵셔 전광판, 잔존기간 365)\TRADINGSYSTEM\DEBUG\LONGPOSITION.OBJ
D:\VS 2012 PROJECTS\SHP-SYSTEM (38) 옵션 매니저 추가  (옵셔 전광판, 잔존기간 365)\TRADINGSYSTEM\DEBUG\MAINFRM.OBJ
D:\VS 2012 PROJECTS\SHP-SYSTEM (38) 옵션 매니저 추가  (옵셔 전광판, 잔존기간 365)\TRADINGSYSTEM\DEBUG\MARKUP.OBJ
D:\VS 2012 PROJECTS\SHP-SYSTEM (38) 옵션 매니저 추가  (옵셔 전광판, 잔존기간 365)\TRADINGSYSTEM\DEBUG\MATHCALCULATOR.OBJ
D:\VS 2012 PROJECTS\SHP-SYSTEM (38) 옵션 매니저 추가  (옵셔 전광판, 잔존기간 365)\TRADINGSYSTEM\DEBUG\MATHFORMULA.OBJ
D:\VS 2012 PROJECTS\SHP-SYSTEM (38) 옵션 매니저 추가  (옵셔 전광판, 잔존기간 365)\TRADINGSYSTEM\DEBUG\MODULELIST.OBJ
D:\VS 2012 PROJECTS\SHP-SYSTEM (38) 옵션 매니저 추가  (옵셔 전광판, 잔존기간 365)\TRADINGSYSTEM\DEBUG\MODULERELATIONVIEW.OBJ
D:\VS 2012 PROJECTS\SHP-SYSTEM (38) 옵션 매니저 추가  (옵셔 전광판, 잔존기간 365)\TRADINGSYSTEM\DEBUG\GRIDCELLCHECK.OBJ
D:\VS 2012 PROJECTS\SHP-SYSTEM (38) 옵션 매니저 추가  (옵셔 전광판, 잔존기간 365)\TRADINGSYSTEM\DEBUG\GRIDCELLCOMBO.OBJ
D:\VS 2012 PROJECTS\SHP-SYSTEM (38) 옵션 매니저 추가  (옵셔 전광판, 잔존기간 365)\TRADINGSYSTEM\DEBUG\GRIDCELLDATETIME.OBJ
D:\VS 2012 PROJECTS\SHP-SYSTEM (38) 옵션 매니저 추가  (옵셔 전광판, 잔존기간 365)\TRADINGSYSTEM\DEBUG\GRIDCELLNUMERIC.OBJ
D:\VS 2012 PROJECTS\SHP-SYSTEM (38) 옵션 매니저 추가  (옵셔 전광판, 잔존기간 365)\TRADINGSYSTEM\DEBUG\DLGOPTIONMANAGER.OBJ
D:\VS 2012 PROJECTS\SHP-SYSTEM (38) 옵션 매니저 추가  (옵셔 전광판, 잔존기간 365)\TRADINGSYSTEM\DEBUG\DLGOPTIONSTRATEGY.OBJ
D:\VS 2012 PROJECTS\SHP-SYSTEM (38) 옵션 매니저 추가  (옵셔 전광판, 잔존기간 365)\TRADINGSYSTEM\DEBUG\DLGWOORILOGINSTATUS.OBJ
D:\VS 2012 PROJECTS\SHP-SYSTEM (38) 옵션 매니저 추가  (옵셔 전광판, 잔존기간 365)\TRADINGSYSTEM\DEBUG\DATAFEEDINGINFOXMLCONTROLLER.OBJ
D:\VS 2012 PROJECTS\SHP-SYSTEM (38) 옵션 매니저 추가  (옵셔 전광판, 잔존기간 365)\TRADINGSYSTEM\DEBUG\ETRADELOGININFO.OBJ
D:\VS 2012 PROJECTS\SHP-SYSTEM (38) 옵션 매니저 추가  (옵셔 전광판, 잔존기간 365)\TRADINGSYSTEM\DEBUG\ETRADELOGININFOMANAGER.OBJ
D:\VS 2012 PROJECTS\SHP-SYSTEM (38) 옵션 매니저 추가  (옵셔 전광판, 잔존기간 365)\TRADINGSYSTEM\DEBUG\ETRADELOGININFOXMLCONTROLLER.OBJ
D:\VS 2012 PROJECTS\SHP-SYSTEM (38) 옵션 매니저 추가  (옵셔 전광판, 잔존기간 365)\TRADINGSYSTEM\DEBUG\ETRADELOGININFOXMLREADER.OBJ
D:\VS 2012 PROJECTS\SHP-SYSTEM (38) 옵션 매니저 추가  (옵셔 전광판, 잔존기간 365)\TRADINGSYSTEM\DEBUG\ETRADELOGININFOXMLWRITER.OBJ
D:\VS 2012 PROJECTS\SHP-SYSTEM (38) 옵션 매니저 추가  (옵셔 전광판, 잔존기간 365)\TRADINGSYSTEM\DEBUG\ETRADESERVERINFO.OBJ
D:\VS 2012 PROJECTS\SHP-SYSTEM (38) 옵션 매니저 추가  (옵셔 전광판, 잔존기간 365)\TRADINGSYSTEM\DEBUG\ETRADEUSERINFO.OBJ
D:\VS 2012 PROJECTS\SHP-SYSTEM (38) 옵션 매니저 추가  (옵셔 전광판, 잔존기간 365)\TRADINGSYSTEM\DEBUG\EUROPEANOPTION.OBJ
D:\VS 2012 PROJECTS\SHP-SYSTEM (38) 옵션 매니저 추가  (옵셔 전광판, 잔존기간 365)\TRADINGSYSTEM\DEBUG\EXPIRYCALCULATOR.OBJ
D:\VS 2012 PROJECTS\SHP-SYSTEM (38) 옵션 매니저 추가  (옵셔 전광판, 잔존기간 365)\TRADINGSYSTEM\DEBUG\FILEWRITER.OBJ
D:\VS 2012 PROJECTS\SHP-SYSTEM (38) 옵션 매니저 추가  (옵셔 전광판, 잔존기간 365)\TRADINGSYSTEM\DEBUG\GRIDCELL.OBJ
D:\VS 2012 PROJECTS\SHP-SYSTEM (38) 옵션 매니저 추가  (옵셔 전광판, 잔존기간 365)\TRADINGSYSTEM\DEBUG\GRIDCELLBASE.OBJ
D:\VS 2012 PROJECTS\SHP-SYSTEM (38) 옵션 매니저 추가  (옵셔 전광판, 잔존기간 365)\TRADINGSYSTEM\DEBUG\GRIDCTRL.OBJ
D:\VS 2012 PROJECTS\SHP-SYSTEM (38) 옵션 매니저 추가  (옵셔 전광판, 잔존기간 365)\TRADINGSYSTEM\DEBUG\GRIDDROPTARGET.OBJ
D:\VS 2012 PROJECTS\SHP-SYSTEM (38) 옵션 매니저 추가  (옵셔 전광판, 잔존기간 365)\TRADINGSYSTEM\DEBUG\INPLACEEDIT.OBJ
D:\VS 2012 PROJECTS\SHP-SYSTEM (38) 옵션 매니저 추가  (옵셔 전광판, 잔존기간 365)\TRADINGSYSTEM\DEBUG\TITLETIP.OBJ
D:\VS 2012 PROJECTS\SHP-SYSTEM (38) 옵션 매니저 추가  (옵셔 전광판, 잔존기간 365)\TRADINGSYSTEM\DEBUG\DATABUNCHESTONOTIFY.OBJ
D:\VS 2012 PROJECTS\SHP-SYSTEM (38) 옵션 매니저 추가  (옵셔 전광판, 잔존기간 365)\TRADINGSYSTEM\DEBUG\DATABUNCHGRIDCTRL.OBJ
D:\VS 2012 PROJECTS\SHP-SYSTEM (38) 옵션 매니저 추가  (옵셔 전광판, 잔존기간 365)\TRADINGSYSTEM\DEBUG\DATABUNCHITEM.OBJ
D:\VS 2012 PROJECTS\SHP-SYSTEM (38) 옵션 매니저 추가  (옵셔 전광판, 잔존기간 365)\TRADINGSYSTEM\DEBUG\DATABUNCHITEMGRIDCTRL.OBJ
D:\VS 2012 PROJECTS\SHP-SYSTEM (38) 옵션 매니저 추가  (옵셔 전광판, 잔존기간 365)\TRADINGSYSTEM\DEBUG\DATAFEEDINGEDITCTRL.OBJ
D:\VS 2012 PROJECTS\SHP-SYSTEM (38) 옵션 매니저 추가  (옵셔 전광판, 잔존기간 365)\TRADINGSYSTEM\DEBUG\DATAFEEDINGGRIDCTRL.OBJ
D:\VS 2012 PROJECTS\SHP-SYSTEM (38) 옵션 매니저 추가  (옵셔 전광판, 잔존기간 365)\TRADINGSYSTEM\DEBUG\DATAFEEDERLIST.OBJ
D:\VS 2012 PROJECTS\SHP-SYSTEM (38) 옵션 매니저 추가  (옵셔 전광판, 잔존기간 365)\TRADINGSYSTEM\DEBUG\DATAFEEDINGINFOITEMLISTINGRID.OBJ
D:\VS 2012 PROJECTS\SHP-SYSTEM (38) 옵션 매니저 추가  (옵셔 전광판, 잔존기간 365)\TRADINGSYSTEM\DEBUG\DATABUNCH.OBJ
D:\VS 2012 PROJECTS\SHP-SYSTEM (38) 옵션 매니저 추가  (옵셔 전광판, 잔존기간 365)\TRADINGSYSTEM\DEBUG\DATAFEEDINGINFOMANAGER.OBJ
D:\VS 2012 PROJECTS\SHP-SYSTEM (38) 옵션 매니저 추가  (옵셔 전광판, 잔존기간 365)\TRADINGSYSTEM\DEBUG\DATAFEEDINGITEMINFO.OBJ
D:\VS 2012 PROJECTS\SHP-SYSTEM (38) 옵션 매니저 추가  (옵셔 전광판, 잔존기간 365)\TRADINGSYSTEM\DEBUG\DATAFEEDINGITEMINFOLIST.OBJ
D:\VS 2012 PROJECTS\SHP-SYSTEM (38) 옵션 매니저 추가  (옵셔 전광판, 잔존기간 365)\TRADINGSYSTEM\DEBUG\DATABUNCHLIST.OBJ
D:\VS 2012 PROJECTS\SHP-SYSTEM (38) 옵션 매니저 추가  (옵셔 전광판, 잔존기간 365)\TRADINGSYSTEM\DEBUG\DATEINFO.OBJ
D:\VS 2012 PROJECTS\SHP-SYSTEM (38) 옵션 매니저 추가  (옵셔 전광판, 잔존기간 365)\TRADINGSYSTEM\DEBUG\DLGDATAFEEDINGINFOITEMADD.OBJ
D:\VS 2012 PROJECTS\SHP-SYSTEM (38) 옵션 매니저 추가  (옵셔 전광판, 잔존기간 365)\TRADINGSYSTEM\DEBUG\DLGETRADELOGINSTATUS.OBJ
D:\VS 2012 PROJECTS\SHP-SYSTEM (38) 옵션 매니저 추가  (옵셔 전광판, 잔존기간 365)\TRADINGSYSTEM\DEBUG\DLGINSTRUMENTMANAGER.OBJ
D:\VS 2012 PROJECTS\SHP-SYSTEM (38) 옵션 매니저 추가  (옵셔 전광판, 잔존기간 365)\TRADINGSYSTEM\DEBUG\DLGLOGINSTATUSTABBAR.OBJ
D:\VS 2012 PROJECTS\SHP-SYSTEM (38) 옵션 매니저 추가  (옵셔 전광판, 잔존기간 365)\TRADINGSYSTEM\DEBUG\DLGMODULETREE.OBJ
D:\VS 2012 PROJECTS\SHP-SYSTEM (38) 옵션 매니저 추가  (옵셔 전광판, 잔존기간 365)\TRADINGSYSTEM\DEBUG\DLGDATAFEEDINGMODULE.OBJ
D:\VS 2012 PROJECTS\SHP-SYSTEM (38) 옵션 매니저 추가  (옵셔 전광판, 잔존기간 365)\TRADINGSYSTEM\DEBUG\ASK.OBJ
D:\VS 2012 PROJECTS\SHP-SYSTEM (38) 옵션 매니저 추가  (옵셔 전광판, 잔존기간 365)\TRADINGSYSTEM\DEBUG\ASKLIST.OBJ
D:\VS 2012 PROJECTS\SHP-SYSTEM (38) 옵션 매니저 추가  (옵셔 전광판, 잔존기간 365)\TRADINGSYSTEM\DEBUG\BLACKSHOLESOPTIONPRICINGMODEL.OBJ
D:\VS 2012 PROJECTS\SHP-SYSTEM (38) 옵션 매니저 추가  (옵셔 전광판, 잔존기간 365)\TRADINGSYSTEM\DEBUG\CHARTVIEWER.OBJ
D:\VS 2012 PROJECTS\SHP-SYSTEM (38) 옵션 매니저 추가  (옵셔 전광판, 잔존기간 365)\TRADINGSYSTEM\DEBUG\CONTRACT.OBJ
D:\VS 2012 PROJECTS\SHP-SYSTEM (38) 옵션 매니저 추가  (옵셔 전광판, 잔존기간 365)\TRADINGSYSTEM\DEBUG\DATABLOCK.OBJ
D:\VS 2012 PROJECTS\SHP-SYSTEM (38) 옵션 매니저 추가  (옵셔 전광판, 잔존기간 365)\TRADINGSYSTEM\DEBUG\OPTIONSTRATEGYGRIDCTRL.OBJ
D:\VS 2012 PROJECTS\SHP-SYSTEM (36)\DEBUG\TRADINGSYSTEM.ILK
D:\VS 2012 PROJECTS\SHP-SYSTEM (36)\DEBUG\TRADINGSYSTEM.EXE
D:\VS 2012 PROJECTS\SHP-SYSTEM (36)\DEBUG\TRADINGSYSTEM.PDB
D:\VS 2012 PROJECTS\SHP-SYSTEM (37) 옵션 매니저 추가  (포지션 추가 화면 없엔 버전)\DEBUG\TRADINGSYSTEM.ILK
D:\VS 2012 PROJECTS\SHP-SYSTEM (37) 옵션 매니저 추가  (포지션 추가 화면 없엔 버전)\DEBUG\TRADINGSYSTEM.EXE
D:\VS 2012 PROJECTS\SHP-SYSTEM (37) 옵션 매니저 추가  (포지션 추가 화면 없엔 버전)\DEBUG\TRADINGSYSTEM.PDB
D:\VS 2012 PROJECTS\SHP-SYSTEM (38) 옵션 매니저 추가  (옵셔 전광판 이론가 계산 화면)\DEBUG\TRADINGSYSTEM.ILK
D:\VS 2012 PROJECTS\SHP-SYSTEM (38) 옵션 매니저 추가  (옵셔 전광판 이론가 계산 화면)\DEBUG\TRADINGSYSTEM.EXE
D:\VS 2012 PROJECTS\SHP-SYSTEM (38) 옵션 매니저 추가  (옵셔 전광판 이론가 계산 화면)\DEBUG\TRADINGSYSTEM.PDB
D:\VS 2012 PROJECTS\SHP-SYSTEM (38) 옵션 매니저 추가  (옵셔 전광판, 잔존기간 365)\DEBUG\TRADINGSYSTEM.ILK
D:\VS 2012 PROJECTS\SHP-SYSTEM (38) 옵션 매니저 추가  (옵셔 전광판, 잔존기간 365)\DEBUG\TRADINGSYSTEM.EXE
D:\VS 2012 PROJECTS\SHP-SYSTEM (38) 옵션 매니저 추가  (옵셔 전광판, 잔존기간 365)\DEBUG\TRADINGSYSTEM.PDB
D:\VS 2012 PROJECTS\SHP-SYSTEM (36)\TRADINGSYSTEM\DEBUG\TRADINGSYSTEM.RES
D:\VS 2012 PROJECTS\SHP-SYSTEM (37) 옵션 매니저 추가  (포지션 추가 화면 없엔 버전)\TRADINGSYSTEM\DEBUG\TRADINGSYSTEM.RES
D:\VS 2012 PROJECTS\SHP-SYSTEM (38) 옵션 매니저 추가  (옵셔 전광판 이론가 계산 화면)\TRADINGSYSTEM\DEBUG\TRADINGSYSTEM.RES
D:\VS 2012 PROJECTS\SHP-SYSTEM (38) 옵션 매니저 추가  (옵셔 전광판, 잔존기간 365)\TRADINGSYSTEM\DEBUG\TRADINGSYSTEM.RES
D:\VS 2012 Projects\shp-system (36)\Debug\TradingSystem.lib
D:\VS 2012 Projects\shp-system (36)\Debug\TradingSystem.exp
D:\VS 2012 Projects\shp-system (37) 옵션 매니저 추가  (포지션 추가 화면 없엔 버전)\Debug\TradingSystem.lib
D:\VS 2012 Projects\shp-system (37) 옵션 매니저 추가  (포지션 추가 화면 없엔 버전)\Debug\TradingSystem.exp
D:\VS 2012 Projects\shp-system (38) 옵션 매니저 추가  (옵셔 전광판 이론가 계산 화면)\Debug\TradingSystem.lib
D:\VS 2012 Projects\shp-system (38) 옵션 매니저 추가  (옵셔 전광판 이론가 계산 화면)\Debug\TradingSystem.exp
D:\VS 2012 Projects\shp-system (38) 옵션 매니저 추가  (옵셔 전광판, 잔존기간 365)\Debug\TradingSystem.lib
D:\VS 2012 Projects\shp-system (38) 옵션 매니저 추가  (옵셔 전광판, 잔존기간 365)\Debug\TradingSystem.exp
D:\VS 2012 Projects\shp-system (38) 옵션 매니저 추가  (옵셔 전광판, 잔존기간 365)\TradingSystem\Debug\Ask.obj
D:\VS 2012 Projects\shp-system (38) 옵션 매니저 추가  (옵셔 전광판, 잔존기간 365)\TradingSystem\Debug\AskList.obj
D:\VS 2012 Projects\shp-system (38) 옵션 매니저 추가  (옵셔 전광판, 잔존기간 365)\TradingSystem\Debug\BlackSholesOptionPricingModel.obj
D:\VS 2012 Projects\shp-system (38) 옵션 매니저 추가  (옵셔 전광판, 잔존기간 365)\TradingSystem\Debug\ChartViewer.obj
D:\VS 2012 Projects\shp-system (38) 옵션 매니저 추가  (옵셔 전광판, 잔존기간 365)\TradingSystem\Debug\Contract.obj
D:\VS 2012 Projects\shp-system (38) 옵션 매니저 추가  (옵셔 전광판, 잔존기간 365)\TradingSystem\Debug\DataBlock.obj
D:\VS 2012 Projects\shp-system (38) 옵션 매니저 추가  (옵셔 전광판, 잔존기간 365)\TradingSystem\Debug\DataBunch.obj
D:\VS 2012 Projects\shp-system (38) 옵션 매니저 추가  (옵셔 전광판, 잔존기간 365)\TradingSystem\Debug\DataBunchesToNotify.obj
D:\VS 2012 Projects\shp-system (38) 옵션 매니저 추가  (옵셔 전광판, 잔존기간 365)\TradingSystem\Debug\DataBunchGridCtrl.obj
D:\VS 2012 Projects\shp-system (38) 옵션 매니저 추가  (옵셔 전광판, 잔존기간 365)\TradingSystem\Debug\DataBunchItem.obj
D:\VS 2012 Projects\shp-system (38) 옵션 매니저 추가  (옵셔 전광판, 잔존기간 365)\TradingSystem\Debug\DataBunchItemGridCtrl.obj
D:\VS 2012 Projects\shp-system (38) 옵션 매니저 추가  (옵셔 전광판, 잔존기간 365)\TradingSystem\Debug\DataBunchList.obj
D:\VS 2012 Projects\shp-system (38) 옵션 매니저 추가  (옵셔 전광판, 잔존기간 365)\TradingSystem\Debug\DataConverter.obj
D:\VS 2012 Projects\shp-system (38) 옵션 매니저 추가  (옵셔 전광판, 잔존기간 365)\TradingSystem\Debug\DataFeederList.obj
D:\VS 2012 Projects\shp-system (38) 옵션 매니저 추가  (옵셔 전광판, 잔존기간 365)\TradingSystem\Debug\DataFeedingEditCtrl.obj
D:\VS 2012 Projects\shp-system (38) 옵션 매니저 추가  (옵셔 전광판, 잔존기간 365)\TradingSystem\Debug\DataFeedingGridCtrl.obj
D:\VS 2012 Projects\shp-system (38) 옵션 매니저 추가  (옵셔 전광판, 잔존기간 365)\TradingSystem\Debug\DataFeedingInfoItemListInGrid.obj
D:\VS 2012 Projects\shp-system (38) 옵션 매니저 추가  (옵셔 전광판, 잔존기간 365)\TradingSystem\Debug\DataFeedingInfoManager.obj
D:\VS 2012 Projects\shp-system (38) 옵션 매니저 추가  (옵셔 전광판, 잔존기간 365)\TradingSystem\Debug\DataFeedingInfoXMLController.obj
D:\VS 2012 Projects\shp-system (38) 옵션 매니저 추가  (옵셔 전광판, 잔존기간 365)\TradingSystem\Debug\DataFeedingItemInfo.obj
D:\VS 2012 Projects\shp-system (38) 옵션 매니저 추가  (옵셔 전광판, 잔존기간 365)\TradingSystem\Debug\DataFeedingItemInfoList.obj
D:\VS 2012 Projects\shp-system (38) 옵션 매니저 추가  (옵셔 전광판, 잔존기간 365)\TradingSystem\Debug\DateInfo.obj
D:\VS 2012 Projects\shp-system (38) 옵션 매니저 추가  (옵셔 전광판, 잔존기간 365)\TradingSystem\Debug\dlgdatafeedinginfoadd.obj
D:\VS 2012 Projects\shp-system (38) 옵션 매니저 추가  (옵셔 전광판, 잔존기간 365)\TradingSystem\Debug\DlgDataFeedingInfoItemAdd.obj
D:\VS 2012 Projects\shp-system (38) 옵션 매니저 추가  (옵셔 전광판, 잔존기간 365)\TradingSystem\Debug\DlgDataFeedingModule.obj
D:\VS 2012 Projects\shp-system (38) 옵션 매니저 추가  (옵셔 전광판, 잔존기간 365)\TradingSystem\Debug\DlgETradeLoginStatus.obj
D:\VS 2012 Projects\shp-system (38) 옵션 매니저 추가  (옵셔 전광판, 잔존기간 365)\TradingSystem\Debug\DlgInstrumentManager.obj
D:\VS 2012 Projects\shp-system (38) 옵션 매니저 추가  (옵셔 전광판, 잔존기간 365)\TradingSystem\Debug\DlgLoginStatusTabBar.obj
D:\VS 2012 Projects\shp-system (38) 옵션 매니저 추가  (옵셔 전광판, 잔존기간 365)\TradingSystem\Debug\DlgModuleTree.obj
D:\VS 2012 Projects\shp-system (38) 옵션 매니저 추가  (옵셔 전광판, 잔존기간 365)\TradingSystem\Debug\DlgOptionManager.obj
D:\VS 2012 Projects\shp-system (38) 옵션 매니저 추가  (옵셔 전광판, 잔존기간 365)\TradingSystem\Debug\DlgOptionStrategy.obj
D:\VS 2012 Projects\shp-system (38) 옵션 매니저 추가  (옵셔 전광판, 잔존기간 365)\TradingSystem\Debug\DlgWooriLoginStatus.obj
D:\VS 2012 Projects\shp-system (38) 옵션 매니저 추가  (옵셔 전광판, 잔존기간 365)\TradingSystem\Debug\ETradeLoginInfo.obj
D:\VS 2012 Projects\shp-system (38) 옵션 매니저 추가  (옵셔 전광판, 잔존기간 365)\TradingSystem\Debug\ETradeLoginInfoManager.obj
D:\VS 2012 Projects\shp-system (38) 옵션 매니저 추가  (옵셔 전광판, 잔존기간 365)\TradingSystem\Debug\ETradeLoginInfoXMLController.obj
D:\VS 2012 Projects\shp-system (38) 옵션 매니저 추가  (옵셔 전광판, 잔존기간 365)\TradingSystem\Debug\ETradeLoginInfoXMLReader.obj
D:\VS 2012 Projects\shp-system (38) 옵션 매니저 추가  (옵셔 전광판, 잔존기간 365)\TradingSystem\Debug\ETradeLoginInfoXMLWriter.obj
D:\VS 2012 Projects\shp-system (38) 옵션 매니저 추가  (옵셔 전광판, 잔존기간 365)\TradingSystem\Debug\ETradeServerInfo.obj
D:\VS 2012 Projects\shp-system (38) 옵션 매니저 추가  (옵셔 전광판, 잔존기간 365)\TradingSystem\Debug\ETradeUserInfo.obj
D:\VS 2012 Projects\shp-system (38) 옵션 매니저 추가  (옵셔 전광판, 잔존기간 365)\TradingSystem\Debug\EuropeanOption.obj
D:\VS 2012 Projects\shp-system (38) 옵션 매니저 추가  (옵셔 전광판, 잔존기간 365)\TradingSystem\Debug\ExpiryCalculator.obj
D:\VS 2012 Projects\shp-system (38) 옵션 매니저 추가  (옵셔 전광판, 잔존기간 365)\TradingSystem\Debug\FileWriter.obj
D:\VS 2012 Projects\shp-system (38) 옵션 매니저 추가  (옵셔 전광판, 잔존기간 365)\TradingSystem\Debug\GridCell.obj
D:\VS 2012 Projects\shp-system (38) 옵션 매니저 추가  (옵셔 전광판, 잔존기간 365)\TradingSystem\Debug\GridCellBase.obj
D:\VS 2012 Projects\shp-system (38) 옵션 매니저 추가  (옵셔 전광판, 잔존기간 365)\TradingSystem\Debug\GridCellCheck.obj
D:\VS 2012 Projects\shp-system (38) 옵션 매니저 추가  (옵셔 전광판, 잔존기간 365)\TradingSystem\Debug\GridCellCombo.obj
D:\VS 2012 Projects\shp-system (38) 옵션 매니저 추가  (옵셔 전광판, 잔존기간 365)\TradingSystem\Debug\GridCellDateTime.obj
D:\VS 2012 Projects\shp-system (38) 옵션 매니저 추가  (옵셔 전광판, 잔존기간 365)\TradingSystem\Debug\GridCellNumeric.obj
D:\VS 2012 Projects\shp-system (38) 옵션 매니저 추가  (옵셔 전광판, 잔존기간 365)\TradingSystem\Debug\GridCtrl.obj
D:\VS 2012 Projects\shp-system (38) 옵션 매니저 추가  (옵셔 전광판, 잔존기간 365)\TradingSystem\Debug\GridDropTarget.obj
D:\VS 2012 Projects\shp-system (38) 옵션 매니저 추가  (옵셔 전광판, 잔존기간 365)\TradingSystem\Debug\GridURLCell.obj
D:\VS 2012 Projects\shp-system (38) 옵션 매니저 추가  (옵셔 전광판, 잔존기간 365)\TradingSystem\Debug\HolidayList.obj
D:\VS 2012 Projects\shp-system (38) 옵션 매니저 추가  (옵셔 전광판, 잔존기간 365)\TradingSystem\Debug\InPlaceEdit.obj
D:\VS 2012 Projects\shp-system (38) 옵션 매니저 추가  (옵셔 전광판, 잔존기간 365)\TradingSystem\Debug\Instrument.obj
D:\VS 2012 Projects\shp-system (38) 옵션 매니저 추가  (옵셔 전광판, 잔존기간 365)\TradingSystem\Debug\InstrumentCodeMaker.obj
D:\VS 2012 Projects\shp-system (38) 옵션 매니저 추가  (옵셔 전광판, 잔존기간 365)\TradingSystem\Debug\InstrumentGridCtrl.obj
D:\VS 2012 Projects\shp-system (38) 옵션 매니저 추가  (옵셔 전광판, 잔존기간 365)\TradingSystem\Debug\InstrumentInfoXMLController.obj
D:\VS 2012 Projects\shp-system (38) 옵션 매니저 추가  (옵셔 전광판, 잔존기간 365)\TradingSystem\Debug\InstrumentList.obj
D:\VS 2012 Projects\shp-system (38) 옵션 매니저 추가  (옵셔 전광판, 잔존기간 365)\TradingSystem\Debug\InstrumentManager.obj
D:\VS 2012 Projects\shp-system (38) 옵션 매니저 추가  (옵셔 전광판, 잔존기간 365)\TradingSystem\Debug\LimitOrderBook.obj
D:\VS 2012 Projects\shp-system (38) 옵션 매니저 추가  (옵셔 전광판, 잔존기간 365)\TradingSystem\Debug\LoginInfoManager.obj
D:\VS 2012 Projects\shp-system (38) 옵션 매니저 추가  (옵셔 전광판, 잔존기간 365)\TradingSystem\Debug\LoginTime.obj
D:\VS 2012 Projects\shp-system (38) 옵션 매니저 추가  (옵셔 전광판, 잔존기간 365)\TradingSystem\Debug\LongPosition.obj
D:\VS 2012 Projects\shp-system (38) 옵션 매니저 추가  (옵셔 전광판, 잔존기간 365)\TradingSystem\Debug\MainFrm.obj
D:\VS 2012 Projects\shp-system (38) 옵션 매니저 추가  (옵셔 전광판, 잔존기간 365)\TradingSystem\Debug\Markup.obj
D:\VS 2012 Projects\shp-system (38) 옵션 매니저 추가  (옵셔 전광판, 잔존기간 365)\TradingSystem\Debug\MathCalculator.obj
D:\VS 2012 Projects\shp-system (38) 옵션 매니저 추가  (옵셔 전광판, 잔존기간 365)\TradingSystem\Debug\MathFormula.obj
D:\VS 2012 Projects\shp-system (38) 옵션 매니저 추가  (옵셔 전광판, 잔존기간 365)\TradingSystem\Debug\ModuleList.obj
D:\VS 2012 Projects\shp-system (38) 옵션 매니저 추가  (옵셔 전광판, 잔존기간 365)\TradingSystem\Debug\ModuleRelationView.obj
D:\VS 2012 Projects\shp-system (38) 옵션 매니저 추가  (옵셔 전광판, 잔존기간 365)\TradingSystem\Debug\OptionInfo.obj
D:\VS 2012 Projects\shp-system (38) 옵션 매니저 추가  (옵셔 전광판, 잔존기간 365)\TradingSystem\Debug\OptionInfoList.obj
D:\VS 2012 Projects\shp-system (38) 옵션 매니저 추가  (옵셔 전광판, 잔존기간 365)\TradingSystem\Debug\OptionListGridCtrl.obj
D:\VS 2012 Projects\shp-system (38) 옵션 매니저 추가  (옵셔 전광판, 잔존기간 365)\TradingSystem\Debug\OptionManager.obj
D:\VS 2012 Projects\shp-system (38) 옵션 매니저 추가  (옵셔 전광판, 잔존기간 365)\TradingSystem\Debug\OptionParameter.obj
D:\VS 2012 Projects\shp-system (38) 옵션 매니저 추가  (옵셔 전광판, 잔존기간 365)\TradingSystem\Debug\OptionPositionGridCtrl.obj
D:\VS 2012 Projects\shp-system (38) 옵션 매니저 추가  (옵셔 전광판, 잔존기간 365)\TradingSystem\Debug\OptionPriceBoard.obj
D:\VS 2012 Projects\shp-system (38) 옵션 매니저 추가  (옵셔 전광판, 잔존기간 365)\TradingSystem\Debug\OptionPriceBoardItem.obj
D:\VS 2012 Projects\shp-system (38) 옵션 매니저 추가  (옵셔 전광판, 잔존기간 365)\TradingSystem\Debug\OptionStrategyGridCtrl.obj
D:\VS 2012 Projects\shp-system (38) 옵션 매니저 추가  (옵셔 전광판, 잔존기간 365)\TradingSystem\Debug\OptionStrategyList.obj
D:\VS 2012 Projects\shp-system (38) 옵션 매니저 추가  (옵셔 전광판, 잔존기간 365)\TradingSystem\Debug\OptionStrikePriceInfo.obj
D:\VS 2012 Projects\shp-system (38) 옵션 매니저 추가  (옵셔 전광판, 잔존기간 365)\TradingSystem\Debug\OptionStrikePriceInfoList.obj
D:\VS 2012 Projects\shp-system (38) 옵션 매니저 추가  (옵셔 전광판, 잔존기간 365)\TradingSystem\Debug\OptionValue.obj
D:\VS 2012 Projects\shp-system (38) 옵션 매니저 추가  (옵셔 전광판, 잔존기간 365)\TradingSystem\Debug\OutputView.obj
D:\VS 2012 Projects\shp-system (38) 옵션 매니저 추가  (옵셔 전광판, 잔존기간 365)\TradingSystem\Debug\PositionList.obj
D:\VS 2012 Projects\shp-system (38) 옵션 매니저 추가  (옵셔 전광판, 잔존기간 365)\TradingSystem\Debug\Sensitivity.obj
D:\VS 2012 Projects\shp-system (38) 옵션 매니저 추가  (옵셔 전광판, 잔존기간 365)\TradingSystem\Debug\ShortPosition.obj
D:\VS 2012 Projects\shp-system (38) 옵션 매니저 추가  (옵셔 전광판, 잔존기간 365)\TradingSystem\Debug\stdafx.obj
D:\VS 2012 Projects\shp-system (38) 옵션 매니저 추가  (옵셔 전광판, 잔존기간 365)\TradingSystem\Debug\TitleTip.obj
D:\VS 2012 Projects\shp-system (38) 옵션 매니저 추가  (옵셔 전광판, 잔존기간 365)\TradingSystem\Debug\TradingSystem.obj
D:\VS 2012 Projects\shp-system (38) 옵션 매니저 추가  (옵셔 전광판, 잔존기간 365)\TradingSystem\Debug\TradingSystemDoc.obj
D:\VS 2012 Projects\shp-system (38) 옵션 매니저 추가  (옵셔 전광판, 잔존기간 365)\TradingSystem\Debug\TradingSystemManager.obj
D:\VS 2012 Projects\shp-system (38) 옵션 매니저 추가  (옵셔 전광판, 잔존기간 365)\TradingSystem\Debug\TradingSystemView.obj
D:\VS 2012 Projects\shp-system (38) 옵션 매니저 추가  (옵셔 전광판, 잔존기간 365)\TradingSystem\Debug\cl.command.1.tlog
D:\VS 2012 Projects\shp-system (38) 옵션 매니저 추가  (옵셔 전광판, 잔존기간 365)\TradingSystem\Debug\CL.read.1.tlog
D:\VS 2012 Projects\shp-system (38) 옵션 매니저 추가  (옵셔 전광판, 잔존기간 365)\TradingSystem\Debug\CL.write.1.tlog
D:\VS 2012 Projects\shp-system (38) 옵션 매니저 추가  (옵셔 전광판, 잔존기간 365)\TradingSystem\Debug\link-cvtres.read.1.tlog
D:\VS 2012 Projects\shp-system (38) 옵션 매니저 추가  (옵셔 전광판, 잔존기간 365)\TradingSystem\Debug\link-cvtres.write.1.tlog
D:\VS 2012 Projects\shp-system (38) 옵션 매니저 추가  (옵셔 전광판, 잔존기간 365)\TradingSystem\Debug\link-mt.read.1.tlog
D:\VS 2012 Projects\shp-system (38) 옵션 매니저 추가  (옵셔 전광판, 잔존기간 365)\TradingSystem\Debug\link-mt.write.1.tlog
D:\VS 2012 Projects\shp-system (38) 옵션 매니저 추가  (옵셔 전광판, 잔존기간 365)\TradingSystem\Debug\link-rc.read.1.tlog
D:\VS 2012 Projects\shp-system (38) 옵션 매니저 추가  (옵셔 전광판, 잔존기간 365)\TradingSystem\Debug\link-rc.write.1.tlog
D:\VS 2012 Projects\shp-system (38) 옵션 매니저 추가  (옵셔 전광판, 잔존기간 365)\TradingSystem\Debug\link.10288-cvtres.read.1.tlog
D:\VS 2012 Projects\shp-system (38) 옵션 매니저 추가  (옵셔 전광판, 잔존기간 365)\TradingSystem\Debug\link.10288-cvtres.write.1.tlog
D:\VS 2012 Projects\shp-system (38) 옵션 매니저 추가  (옵셔 전광판, 잔존기간 365)\TradingSystem\Debug\link.10288-mt.read.1.tlog
D:\VS 2012 Projects\shp-system (38) 옵션 매니저 추가  (옵셔 전광판, 잔존기간 365)\TradingSystem\Debug\link.10288-mt.write.1.tlog
D:\VS 2012 Projects\shp-system (38) 옵션 매니저 추가  (옵셔 전광판, 잔존기간 365)\TradingSystem\Debug\link.10288-rc.read.1.tlog
D:\VS 2012 Projects\shp-system (38) 옵션 매니저 추가  (옵셔 전광판, 잔존기간 365)\TradingSystem\Debug\link.10288-rc.write.1.tlog
D:\VS 2012 Projects\shp-system (38) 옵션 매니저 추가  (옵셔 전광판, 잔존기간 365)\TradingSystem\Debug\link.10288.read.1.tlog
D:\VS 2012 Projects\shp-system (38) 옵션 매니저 추가  (옵셔 전광판, 잔존기간 365)\TradingSystem\Debug\link.10288.write.1.tlog
D:\VS 2012 Projects\shp-system (38) 옵션 매니저 추가  (옵셔 전광판, 잔존기간 365)\TradingSystem\Debug\link.13108-cvtres.read.1.tlog
D:\VS 2012 Projects\shp-system (38) 옵션 매니저 추가  (옵셔 전광판, 잔존기간 365)\TradingSystem\Debug\link.13108-cvtres.write.1.tlog
D:\VS 2012 Projects\shp-system (38) 옵션 매니저 추가  (옵셔 전광판, 잔존기간 365)\TradingSystem\Debug\link.13108-mt.read.1.tlog
D:\VS 2012 Projects\shp-system (38) 옵션 매니저 추가  (옵셔 전광판, 잔존기간 365)\TradingSystem\Debug\link.13108-mt.write.1.tlog
D:\VS 2012 Projects\shp-system (38) 옵션 매니저 추가  (옵셔 전광판, 잔존기간 365)\TradingSystem\Debug\link.13108-rc.read.1.tlog
D:\VS 2012 Projects\shp-system (38) 옵션 매니저 추가  (옵셔 전광판, 잔존기간 365)\TradingSystem\Debug\link.13108-rc.write.1.tlog
D:\VS 2012 Projects\shp-system (38) 옵션 매니저 추가  (옵셔 전광판, 잔존기간 365)\TradingSystem\Debug\link.13108.read.1.tlog
D:\VS 2012 Projects\shp-system (38) 옵션 매니저 추가  (옵셔 전광판, 잔존기간 365)\TradingSystem\Debug\link.13108.write.1.tlog
D:\VS 2012 Projects\shp-system (38) 옵션 매니저 추가  (옵셔 전광판, 잔존기간 365)\TradingSystem\Debug\link.13572-cvtres.read.1.tlog
D:\VS 2012 Projects\shp-system (38) 옵션 매니저 추가  (옵셔 전광판, 잔존기간 365)\TradingSystem\Debug\link.13572-cvtres.write.1.tlog
D:\VS 2012 Projects\shp-system (38) 옵션 매니저 추가  (옵셔 전광판, 잔존기간 365)\TradingSystem\Debug\link.13572-mt.read.1.tlog
D:\VS 2012 Projects\shp-system (38) 옵션 매니저 추가  (옵셔 전광판, 잔존기간 365)\TradingSystem\Debug\link.13572-mt.write.1.tlog
D:\VS 2012 Projects\shp-system (38) 옵션 매니저 추가  (옵셔 전광판, 잔존기간 365)\TradingSystem\Debug\link.13572-rc.read.1.tlog
D:\VS 2012 Projects\shp-system (38) 옵션 매니저 추가  (옵셔 전광판, 잔존기간 365)\TradingSystem\Debug\link.13572-rc.write.1.tlog
D:\VS 2012 Projects\shp-system (38) 옵션 매니저 추가  (옵셔 전광판, 잔존기간 365)\TradingSystem\Debug\link.13572.read.1.tlog
D:\VS 2012 Projects\shp-system (38) 옵션 매니저 추가  (옵셔 전광판, 잔존기간 365)\TradingSystem\Debug\link.13572.write.1.tlog
D:\VS 2012 Projects\shp-system (38) 옵션 매니저 추가  (옵셔 전광판, 잔존기간 365)\TradingSystem\Debug\link.14116-cvtres.read.1.tlog
D:\VS 2012 Projects\shp-system (38) 옵션 매니저 추가  (옵셔 전광판, 잔존기간 365)\TradingSystem\Debug\link.14116-cvtres.write.1.tlog
D:\VS 2012 Projects\shp-system (38) 옵션 매니저 추가  (옵셔 전광판, 잔존기간 365)\TradingSystem\Debug\link.14116-mt.read.1.tlog
D:\VS 2012 Projects\shp-system (38) 옵션 매니저 추가  (옵셔 전광판, 잔존기간 365)\TradingSystem\Debug\link.14116-mt.write.1.tlog
D:\VS 2012 Projects\shp-system (38) 옵션 매니저 추가  (옵셔 전광판, 잔존기간 365)\TradingSystem\Debug\link.14116-rc.read.1.tlog
D:\VS 2012 Projects\shp-system (38) 옵션 매니저 추가  (옵셔 전광판, 잔존기간 365)\TradingSystem\Debug\link.14116-rc.write.1.tlog
D:\VS 2012 Projects\shp-system (38) 옵션 매니저 추가  (옵셔 전광판, 잔존기간 365)\TradingSystem\Debug\link.14116.read.1.tlog
D:\VS 2012 Projects\shp-system (38) 옵션 매니저 추가  (옵셔 전광판, 잔존기간 365)\TradingSystem\Debug\link.14116.write.1.tlog
D:\VS 2012 Projects\shp-system (38) 옵션 매니저 추가  (옵셔 전광판, 잔존기간 365)\TradingSystem\Debug\link.14128-cvtres.read.1.tlog
D:\VS 2012 Projects\shp-system (38) 옵션 매니저 추가  (옵셔 전광판, 잔존기간 365)\TradingSystem\Debug\link.14128-cvtres.write.1.tlog
D:\VS 2012 Projects\shp-system (38) 옵션 매니저 추가  (옵셔 전광판, 잔존기간 365)\TradingSystem\Debug\link.14128-mt.read.1.tlog
D:\VS 2012 Projects\shp-system (38) 옵션 매니저 추가  (옵셔 전광판, 잔존기간 365)\TradingSystem\Debug\link.14128-mt.write.1.tlog
D:\VS 2012 Projects\shp-system (38) 옵션 매니저 추가  (옵셔 전광판, 잔존기간 365)\TradingSystem\Debug\link.14128-rc.read.1.tlog
D:\VS 2012 Projects\shp-system (38) 옵션 매니저 추가  (옵셔 전광판, 잔존기간 365)\TradingSystem\Debug\link.14128-rc.write.1.tlog
D:\VS 2012 Projects\shp-system (38) 옵션 매니저 추가  (옵셔 전광판, 잔존기간 365)\TradingSystem\Debug\link.14128.read.1.tlog
D:\VS 2012 Projects\shp-system (38) 옵션 매니저 추가  (옵셔 전광판, 잔존기간 365)\TradingSystem\Debug\link.14128.write.1.tlog
D:\VS 2012 Projects\shp-system (38) 옵션 매니저 추가  (옵셔 전광판, 잔존기간 365)\TradingSystem\Debug\link.1528-cvtres.read.1.tlog
D:\VS 2012 Projects\shp-system (38) 옵션 매니저 추가  (옵셔 전광판, 잔존기간 365)\TradingSystem\Debug\link.1528-cvtres.write.1.tlog
D:\VS 2012 Projects\shp-system (38) 옵션 매니저 추가  (옵셔 전광판, 잔존기간 365)\TradingSystem\Debug\link.1528-mt.read.1.tlog
D:\VS 2012 Projects\shp-system (38) 옵션 매니저 추가  (옵셔 전광판, 잔존기간 365)\TradingSystem\Debug\link.1528-mt.write.1.tlog
D:\VS 2012 Projects\shp-system (38) 옵션 매니저 추가  (옵셔 전광판, 잔존기간 365)\TradingSystem\Debug\link.1528-rc.read.1.tlog
D:\VS 2012 Projects\shp-system (38) 옵션 매니저 추가  (옵셔 전광판, 잔존기간 365)\TradingSystem\Debug\link.1528-rc.write.1.tlog
D:\VS 2012 Projects\shp-system (38) 옵션 매니저 추가  (옵셔 전광판, 잔존기간 365)\TradingSystem\Debug\link.1528.read.1.tlog
D:\VS 2012 Projects\shp-system (38) 옵션 매니저 추가  (옵셔 전광판, 잔존기간 365)\TradingSystem\Debug\link.1528.write.1.tlog
D:\VS 2012 Projects\shp-system (38) 옵션 매니저 추가  (옵셔 전광판, 잔존기간 365)\TradingSystem\Debug\link.204-cvtres.read.1.tlog
D:\VS 2012 Projects\shp-system (38) 옵션 매니저 추가  (옵셔 전광판, 잔존기간 365)\TradingSystem\Debug\link.204-cvtres.write.1.tlog
D:\VS 2012 Projects\shp-system (38) 옵션 매니저 추가  (옵셔 전광판, 잔존기간 365)\TradingSystem\Debug\link.204-mt.read.1.tlog
D:\VS 2012 Projects\shp-system (38) 옵션 매니저 추가  (옵셔 전광판, 잔존기간 365)\TradingSystem\Debug\link.204-mt.write.1.tlog
D:\VS 2012 Projects\shp-system (38) 옵션 매니저 추가  (옵셔 전광판, 잔존기간 365)\TradingSystem\Debug\link.204-rc.read.1.tlog
D:\VS 2012 Projects\shp-system (38) 옵션 매니저 추가  (옵셔 전광판, 잔존기간 365)\TradingSystem\Debug\link.204-rc.write.1.tlog
D:\VS 2012 Projects\shp-system (38) 옵션 매니저 추가  (옵셔 전광판, 잔존기간 365)\TradingSystem\Debug\link.204.read.1.tlog
D:\VS 2012 Projects\shp-system (38) 옵션 매니저 추가  (옵셔 전광판, 잔존기간 365)\TradingSystem\Debug\link.204.write.1.tlog
D:\VS 2012 Projects\shp-system (38) 옵션 매니저 추가  (옵셔 전광판, 잔존기간 365)\TradingSystem\Debug\link.2096-cvtres.read.1.tlog
D:\VS 2012 Projects\shp-system (38) 옵션 매니저 추가  (옵셔 전광판, 잔존기간 365)\TradingSystem\Debug\link.2096-cvtres.write.1.tlog
D:\VS 2012 Projects\shp-system (38) 옵션 매니저 추가  (옵셔 전광판, 잔존기간 365)\TradingSystem\Debug\link.2096-mt.read.1.tlog
D:\VS 2012 Projects\shp-system (38) 옵션 매니저 추가  (옵셔 전광판, 잔존기간 365)\TradingSystem\Debug\link.2096-mt.write.1.tlog
D:\VS 2012 Projects\shp-system (38) 옵션 매니저 추가  (옵셔 전광판, 잔존기간 365)\TradingSystem\Debug\link.2096-rc.read.1.tlog
D:\VS 2012 Projects\shp-system (38) 옵션 매니저 추가  (옵셔 전광판, 잔존기간 365)\TradingSystem\Debug\link.2096-rc.write.1.tlog
D:\VS 2012 Projects\shp-system (38) 옵션 매니저 추가  (옵셔 전광판, 잔존기간 365)\TradingSystem\Debug\link.2096.read.1.tlog
D:\VS 2012 Projects\shp-system (38) 옵션 매니저 추가  (옵셔 전광판, 잔존기간 365)\TradingSystem\Debug\link.2096.write.1.tlog
D:\VS 2012 Projects\shp-system (38) 옵션 매니저 추가  (옵셔 전광판, 잔존기간 365)\TradingSystem\Debug\link.2244-cvtres.read.1.tlog
D:\VS 2012 Projects\shp-system (38) 옵션 매니저 추가  (옵셔 전광판, 잔존기간 365)\TradingSystem\Debug\link.2244-cvtres.write.1.tlog
D:\VS 2012 Projects\shp-system (38) 옵션 매니저 추가  (옵셔 전광판, 잔존기간 365)\TradingSystem\Debug\link.2244-mt.read.1.tlog
D:\VS 2012 Projects\shp-system (38) 옵션 매니저 추가  (옵셔 전광판, 잔존기간 365)\TradingSystem\Debug\link.2244-mt.write.1.tlog
D:\VS 2012 Projects\shp-system (38) 옵션 매니저 추가  (옵셔 전광판, 잔존기간 365)\TradingSystem\Debug\link.2244-rc.read.1.tlog
D:\VS 2012 Projects\shp-system (38) 옵션 매니저 추가  (옵셔 전광판, 잔존기간 365)\TradingSystem\Debug\link.2244-rc.write.1.tlog
D:\VS 2012 Projects\shp-system (38) 옵션 매니저 추가  (옵셔 전광판, 잔존기간 365)\TradingSystem\Debug\link.2244.read.1.tlog
D:\VS 2012 Projects\shp-system (38) 옵션 매니저 추가  (옵셔 전광판, 잔존기간 365)\TradingSystem\Debug\link.2244.write.1.tlog
D:\VS 2012 Projects\shp-system (38) 옵션 매니저 추가  (옵셔 전광판, 잔존기간 365)\TradingSystem\Debug\link.2340-cvtres.read.1.tlog
D:\VS 2012 Projects\shp-system (38) 옵션 매니저 추가  (옵셔 전광판, 잔존기간 365)\TradingSystem\Debug\link.2340-cvtres.write.1.tlog
D:\VS 2012 Projects\shp-system (38) 옵션 매니저 추가  (옵셔 전광판, 잔존기간 365)\TradingSystem\Debug\link.2340-mt.read.1.tlog
D:\VS 2012 Projects\shp-system (38) 옵션 매니저 추가  (옵셔 전광판, 잔존기간 365)\TradingSystem\Debug\link.2340-mt.write.1.tlog
D:\VS 2012 Projects\shp-system (38) 옵션 매니저 추가  (옵셔 전광판, 잔존기간 365)\TradingSystem\Debug\link.2340-rc.read.1.tlog
D:\VS 2012 Projects\shp-system (38) 옵션 매니저 추가  (옵셔 전광판, 잔존기간 365)\TradingSystem\Debug\link.2340-rc.write.1.tlog
D:\VS 2012 Projects\shp-system (38) 옵션 매니저 추가  (옵셔 전광판, 잔존기간 365)\TradingSystem\Debug\link.2340.read.1.tlog
D:\VS 2012 Projects\shp-system (38) 옵션 매니저 추가  (옵셔 전광판, 잔존기간 365)\TradingSystem\Debug\link.2340.write.1.tlog
D:\VS 2012 Projects\shp-system (38) 옵션 매니저 추가  (옵셔 전광판, 잔존기간 365)\TradingSystem\Debug\link.2452-cvtres.read.1.tlog
D:\VS 2012 Projects\shp-system (38) 옵션 매니저 추가  (옵셔 전광판, 잔존기간 365)\TradingSystem\Debug\link.2452-cvtres.write.1.tlog
D:\VS 2012 Projects\shp-system (38) 옵션 매니저 추가  (옵셔 전광판, 잔존기간 365)\TradingSystem\Debug\link.2452-mt.read.1.tlog
D:\VS 2012 Projects\shp-system (38) 옵션 매니저 추가  (옵셔 전광판, 잔존기간 365)\TradingSystem\Debug\link.2452-mt.write.1.tlog
D:\VS 2012 Projects\shp-system (38) 옵션 매니저 추가  (옵셔 전광판, 잔존기간 365)\TradingSystem\Debug\link.2452-rc.read.1.tlog
D:\VS 2012 Projects\shp-system (38) 옵션 매니저 추가  (옵셔 전광판, 잔존기간 365)\TradingSystem\Debug\link.2452-rc.write.1.tlog
D:\VS 2012 Projects\shp-system (38) 옵션 매니저 추가  (옵셔 전광판, 잔존기간 365)\TradingSystem\Debug\link.2452.read.1.tlog
D:\VS 2012 Projects\shp-system (38) 옵션 매니저 추가  (옵셔 전광판, 잔존기간 365)\TradingSystem\Debug\link.2452.write.1.tlog
D:\VS 2012 Projects\shp-system (38) 옵션 매니저 추가  (옵셔 전광판, 잔존기간 365)\TradingSystem\Debug\link.2580-cvtres.read.1.tlog
D:\VS 2012 Projects\shp-system (38) 옵션 매니저 추가  (옵셔 전광판, 잔존기간 365)\TradingSystem\Debug\link.2580-cvtres.write.1.tlog
D:\VS 2012 Projects\shp-system (38) 옵션 매니저 추가  (옵셔 전광판, 잔존기간 365)\TradingSystem\Debug\link.2580-mt.read.1.tlog
D:\VS 2012 Projects\shp-system (38) 옵션 매니저 추가  (옵셔 전광판, 잔존기간 365)\TradingSystem\Debug\link.2580-mt.write.1.tlog
D:\VS 2012 Projects\shp-system (38) 옵션 매니저 추가  (옵셔 전광판, 잔존기간 365)\TradingSystem\Debug\link.2580-rc.read.1.tlog
D:\VS 2012 Projects\shp-system (38) 옵션 매니저 추가  (옵셔 전광판, 잔존기간 365)\TradingSystem\Debug\link.2580-rc.write.1.tlog
D:\VS 2012 Projects\shp-system (38) 옵션 매니저 추가  (옵셔 전광판, 잔존기간 365)\TradingSystem\Debug\link.2580.read.1.tlog
D:\VS 2012 Projects\shp-system (38) 옵션 매니저 추가  (옵셔 전광판, 잔존기간 365)\TradingSystem\Debug\link.2580.write.1.tlog
D:\VS 2012 Projects\shp-system (38) 옵션 매니저 추가  (옵셔 전광판, 잔존기간 365)\TradingSystem\Debug\link.3332-cvtres.read.1.tlog
D:\VS 2012 Projects\shp-system (38) 옵션 매니저 추가  (옵셔 전광판, 잔존기간 365)\TradingSystem\Debug\link.3332-cvtres.write.1.tlog
D:\VS 2012 Projects\shp-system (38) 옵션 매니저 추가  (옵셔 전광판, 잔존기간 365)\TradingSystem\Debug\link.3332-mt.read.1.tlog
D:\VS 2012 Projects\shp-system (38) 옵션 매니저 추가  (옵셔 전광판, 잔존기간 365)\TradingSystem\Debug\link.3332-mt.write.1.tlog
D:\VS 2012 Projects\shp-system (38) 옵션 매니저 추가  (옵셔 전광판, 잔존기간 365)\TradingSystem\Debug\link.3332-rc.read.1.tlog
D:\VS 2012 Projects\shp-system (38) 옵션 매니저 추가  (옵셔 전광판, 잔존기간 365)\TradingSystem\Debug\link.3332-rc.write.1.tlog
D:\VS 2012 Projects\shp-system (38) 옵션 매니저 추가  (옵셔 전광판, 잔존기간 365)\TradingSystem\Debug\link.3332.read.1.tlog
D:\VS 2012 Projects\shp-system (38) 옵션 매니저 추가  (옵셔 전광판, 잔존기간 365)\TradingSystem\Debug\link.3332.write.1.tlog
D:\VS 2012 Projects\shp-system (38) 옵션 매니저 추가  (옵셔 전광판, 잔존기간 365)\TradingSystem\Debug\link.396-cvtres.read.1.tlog
D:\VS 2012 Projects\shp-system (38) 옵션 매니저 추가  (옵셔 전광판, 잔존기간 365)\TradingSystem\Debug\link.396-cvtres.write.1.tlog
D:\VS 2012 Projects\shp-system (38) 옵션 매니저 추가  (옵셔 전광판, 잔존기간 365)\TradingSystem\Debug\link.396-mt.read.1.tlog
D:\VS 2012 Projects\shp-system (38) 옵션 매니저 추가  (옵셔 전광판, 잔존기간 365)\TradingSystem\Debug\link.396-mt.write.1.tlog
D:\VS 2012 Projects\shp-system (38) 옵션 매니저 추가  (옵셔 전광판, 잔존기간 365)\TradingSystem\Debug\link.396-rc.read.1.tlog
D:\VS 2012 Projects\shp-system (38) 옵션 매니저 추가  (옵셔 전광판, 잔존기간 365)\TradingSystem\Debug\link.396-rc.write.1.tlog
D:\VS 2012 Projects\shp-system (38) 옵션 매니저 추가  (옵셔 전광판, 잔존기간 365)\TradingSystem\Debug\link.396.read.1.tlog
D:\VS 2012 Projects\shp-system (38) 옵션 매니저 추가  (옵셔 전광판, 잔존기간 365)\TradingSystem\Debug\link.396.write.1.tlog
D:\VS 2012 Projects\shp-system (38) 옵션 매니저 추가  (옵셔 전광판, 잔존기간 365)\TradingSystem\Debug\link.4636-cvtres.read.1.tlog
D:\VS 2012 Projects\shp-system (38) 옵션 매니저 추가  (옵셔 전광판, 잔존기간 365)\TradingSystem\Debug\link.4636-cvtres.write.1.tlog
D:\VS 2012 Projects\shp-system (38) 옵션 매니저 추가  (옵셔 전광판, 잔존기간 365)\TradingSystem\Debug\link.4636-mt.read.1.tlog
D:\VS 2012 Projects\shp-system (38) 옵션 매니저 추가  (옵셔 전광판, 잔존기간 365)\TradingSystem\Debug\link.4636-mt.write.1.tlog
D:\VS 2012 Projects\shp-system (38) 옵션 매니저 추가  (옵셔 전광판, 잔존기간 365)\TradingSystem\Debug\link.4636-rc.read.1.tlog
D:\VS 2012 Projects\shp-system (38) 옵션 매니저 추가  (옵셔 전광판, 잔존기간 365)\TradingSystem\Debug\link.4636-rc.write.1.tlog
D:\VS 2012 Projects\shp-system (38) 옵션 매니저 추가  (옵셔 전광판, 잔존기간 365)\TradingSystem\Debug\link.4636.read.1.tlog
D:\VS 2012 Projects\shp-system (38) 옵션 매니저 추가  (옵셔 전광판, 잔존기간 365)\TradingSystem\Debug\link.4636.write.1.tlog
D:\VS 2012 Projects\shp-system (38) 옵션 매니저 추가  (옵셔 전광판, 잔존기간 365)\TradingSystem\Debug\link.4976-cvtres.read.1.tlog
D:\VS 2012 Projects\shp-system (38) 옵션 매니저 추가  (옵셔 전광판, 잔존기간 365)\TradingSystem\Debug\link.4976-cvtres.write.1.tlog
D:\VS 2012 Projects\shp-system (38) 옵션 매니저 추가  (옵셔 전광판, 잔존기간 365)\TradingSystem\Debug\link.4976-mt.read.1.tlog
D:\VS 2012 Projects\shp-system (38) 옵션 매니저 추가  (옵셔 전광판, 잔존기간 365)\TradingSystem\Debug\link.4976-mt.write.1.tlog
D:\VS 2012 Projects\shp-system (38) 옵션 매니저 추가  (옵셔 전광판, 잔존기간 365)\TradingSystem\Debug\link.4976-rc.read.1.tlog
D:\VS 2012 Projects\shp-system (38) 옵션 매니저 추가  (옵셔 전광판, 잔존기간 365)\TradingSystem\Debug\link.4976-rc.write.1.tlog
D:\VS 2012 Projects\shp-system (38) 옵션 매니저 추가  (옵셔 전광판, 잔존기간 365)\TradingSystem\Debug\link.4976.read.1.tlog
D:\VS 2012 Projects\shp-system (38) 옵션 매니저 추가  (옵셔 전광판, 잔존기간 365)\TradingSystem\Debug\link.4976.write.1.tlog
D:\VS 2012 Projects\shp-system (38) 옵션 매니저 추가  (옵셔 전광판, 잔존기간 365)\TradingSystem\Debug\link.5012-cvtres.read.1.tlog
D:\VS 2012 Projects\shp-system (38) 옵션 매니저 추가  (옵셔 전광판, 잔존기간 365)\TradingSystem\Debug\link.5012-cvtres.write.1.tlog
D:\VS 2012 Projects\shp-system (38) 옵션 매니저 추가  (옵셔 전광판, 잔존기간 365)\TradingSystem\Debug\link.5012-mt.read.1.tlog
D:\VS 2012 Projects\shp-system (38) 옵션 매니저 추가  (옵셔 전광판, 잔존기간 365)\TradingSystem\Debug\link.5012-mt.write.1.tlog
D:\VS 2012 Projects\shp-system (38) 옵션 매니저 추가  (옵셔 전광판, 잔존기간 365)\TradingSystem\Debug\link.5012-rc.read.1.tlog
D:\VS 2012 Projects\shp-system (38) 옵션 매니저 추가  (옵셔 전광판, 잔존기간 365)\TradingSystem\Debug\link.5012-rc.write.1.tlog
D:\VS 2012 Projects\shp-system (38) 옵션 매니저 추가  (옵셔 전광판, 잔존기간 365)\TradingSystem\Debug\link.5012.read.1.tlog
D:\VS 2012 Projects\shp-system (38) 옵션 매니저 추가  (옵셔 전광판, 잔존기간 365)\TradingSystem\Debug\link.5012.write.1.tlog
D:\VS 2012 Projects\shp-system (38) 옵션 매니저 추가  (옵셔 전광판, 잔존기간 365)\TradingSystem\Debug\link.5216-cvtres.read.1.tlog
D:\VS 2012 Projects\shp-system (38) 옵션 매니저 추가  (옵셔 전광판, 잔존기간 365)\TradingSystem\Debug\link.5216-cvtres.write.1.tlog
D:\VS 2012 Projects\shp-system (38) 옵션 매니저 추가  (옵셔 전광판, 잔존기간 365)\TradingSystem\Debug\link.5216-mt.read.1.tlog
D:\VS 2012 Projects\shp-system (38) 옵션 매니저 추가  (옵셔 전광판, 잔존기간 365)\TradingSystem\Debug\link.5216-mt.write.1.tlog
D:\VS 2012 Projects\shp-system (38) 옵션 매니저 추가  (옵셔 전광판, 잔존기간 365)\TradingSystem\Debug\link.5216-rc.read.1.tlog
D:\VS 2012 Projects\shp-system (38) 옵션 매니저 추가  (옵셔 전광판, 잔존기간 365)\TradingSystem\Debug\link.5216-rc.write.1.tlog
D:\VS 2012 Projects\shp-system (38) 옵션 매니저 추가  (옵셔 전광판, 잔존기간 365)\TradingSystem\Debug\link.5216.read.1.tlog
D:\VS 2012 Projects\shp-system (38) 옵션 매니저 추가  (옵셔 전광판, 잔존기간 365)\TradingSystem\Debug\link.5216.write.1.tlog
D:\VS 2012 Projects\shp-system (38) 옵션 매니저 추가  (옵셔 전광판, 잔존기간 365)\TradingSystem\Debug\link.5252-cvtres.read.1.tlog
D:\VS 2012 Projects\shp-system (38) 옵션 매니저 추가  (옵셔 전광판, 잔존기간 365)\TradingSystem\Debug\link.5252-cvtres.write.1.tlog
D:\VS 2012 Projects\shp-system (38) 옵션 매니저 추가  (옵셔 전광판, 잔존기간 365)\TradingSystem\Debug\link.5252-mt.read.1.tlog
D:\VS 2012 Projects\shp-system (38) 옵션 매니저 추가  (옵셔 전광판, 잔존기간 365)\TradingSystem\Debug\link.5252-mt.write.1.tlog
D:\VS 2012 Projects\shp-system (38) 옵션 매니저 추가  (옵셔 전광판, 잔존기간 365)\TradingSystem\Debug\link.5252-rc.read.1.tlog
D:\VS 2012 Projects\shp-system (38) 옵션 매니저 추가  (옵셔 전광판, 잔존기간 365)\TradingSystem\Debug\link.5252-rc.write.1.tlog
D:\VS 2012 Projects\shp-system (38) 옵션 매니저 추가  (옵셔 전광판, 잔존기간 365)\TradingSystem\Debug\link.5252.read.1.tlog
D:\VS 2012 Projects\shp-system (38) 옵션 매니저 추가  (옵셔 전광판, 잔존기간 365)\TradingSystem\Debug\link.5252.write.1.tlog
D:\VS 2012 Projects\shp-system (38) 옵션 매니저 추가  (옵셔 전광판, 잔존기간 365)\TradingSystem\Debug\link.5408-cvtres.read.1.tlog
D:\VS 2012 Projects\shp-system (38) 옵션 매니저 추가  (옵셔 전광판, 잔존기간 365)\TradingSystem\Debug\link.5408-cvtres.write.1.tlog
D:\VS 2012 Projects\shp-system (38) 옵션 매니저 추가  (옵셔 전광판, 잔존기간 365)\TradingSystem\Debug\link.5408-mt.read.1.tlog
D:\VS 2012 Projects\shp-system (38) 옵션 매니저 추가  (옵셔 전광판, 잔존기간 365)\TradingSystem\Debug\link.5408-mt.write.1.tlog
D:\VS 2012 Projects\shp-system (38) 옵션 매니저 추가  (옵셔 전광판, 잔존기간 365)\TradingSystem\Debug\link.5408-rc.read.1.tlog
D:\VS 2012 Projects\shp-system (38) 옵션 매니저 추가  (옵셔 전광판, 잔존기간 365)\TradingSystem\Debug\link.5408-rc.write.1.tlog
D:\VS 2012 Projects\shp-system (38) 옵션 매니저 추가  (옵셔 전광판, 잔존기간 365)\TradingSystem\Debug\link.5408.read.1.tlog
D:\VS 2012 Projects\shp-system (38) 옵션 매니저 추가  (옵셔 전광판, 잔존기간 365)\TradingSystem\Debug\link.5408.write.1.tlog
D:\VS 2012 Projects\shp-system (38) 옵션 매니저 추가  (옵셔 전광판, 잔존기간 365)\TradingSystem\Debug\link.5540-cvtres.read.1.tlog
D:\VS 2012 Projects\shp-system (38) 옵션 매니저 추가  (옵셔 전광판, 잔존기간 365)\TradingSystem\Debug\link.5540-cvtres.write.1.tlog
D:\VS 2012 Projects\shp-system (38) 옵션 매니저 추가  (옵셔 전광판, 잔존기간 365)\TradingSystem\Debug\link.5540-mt.read.1.tlog
D:\VS 2012 Projects\shp-system (38) 옵션 매니저 추가  (옵셔 전광판, 잔존기간 365)\TradingSystem\Debug\link.5540-mt.write.1.tlog
D:\VS 2012 Projects\shp-system (38) 옵션 매니저 추가  (옵셔 전광판, 잔존기간 365)\TradingSystem\Debug\link.5540-rc.read.1.tlog
D:\VS 2012 Projects\shp-system (38) 옵션 매니저 추가  (옵셔 전광판, 잔존기간 365)\TradingSystem\Debug\link.5540-rc.write.1.tlog
D:\VS 2012 Projects\shp-system (38) 옵션 매니저 추가  (옵셔 전광판, 잔존기간 365)\TradingSystem\Debug\link.5540.read.1.tlog
D:\VS 2012 Projects\shp-system (38) 옵션 매니저 추가  (옵셔 전광판, 잔존기간 365)\TradingSystem\Debug\link.5540.write.1.tlog
D:\VS 2012 Projects\shp-system (38) 옵션 매니저 추가  (옵셔 전광판, 잔존기간 365)\TradingSystem\Debug\link.5752-cvtres.read.1.tlog
D:\VS 2012 Projects\shp-system (38) 옵션 매니저 추가  (옵셔 전광판, 잔존기간 365)\TradingSystem\Debug\link.5752-cvtres.write.1.tlog
D:\VS 2012 Projects\shp-system (38) 옵션 매니저 추가  (옵셔 전광판, 잔존기간 365)\TradingSystem\Debug\link.5752-mt.read.1.tlog
D:\VS 2012 Projects\shp-system (38) 옵션 매니저 추가  (옵셔 전광판, 잔존기간 365)\TradingSystem\Debug\link.5752-mt.write.1.tlog
D:\VS 2012 Projects\shp-system (38) 옵션 매니저 추가  (옵셔 전광판, 잔존기간 365)\TradingSystem\Debug\link.5752-rc.read.1.tlog
D:\VS 2012 Projects\shp-system (38) 옵션 매니저 추가  (옵셔 전광판, 잔존기간 365)\TradingSystem\Debug\link.5752-rc.write.1.tlog
D:\VS 2012 Projects\shp-system (38) 옵션 매니저 추가  (옵셔 전광판, 잔존기간 365)\TradingSystem\Debug\link.5752.read.1.tlog
D:\VS 2012 Projects\shp-system (38) 옵션 매니저 추가  (옵셔 전광판, 잔존기간 365)\TradingSystem\Debug\link.5752.write.1.tlog
D:\VS 2012 Projects\shp-system (38) 옵션 매니저 추가  (옵셔 전광판, 잔존기간 365)\TradingSystem\Debug\link.5760-cvtres.read.1.tlog
D:\VS 2012 Projects\shp-system (38) 옵션 매니저 추가  (옵셔 전광판, 잔존기간 365)\TradingSystem\Debug\link.5760-cvtres.write.1.tlog
D:\VS 2012 Projects\shp-system (38) 옵션 매니저 추가  (옵셔 전광판, 잔존기간 365)\TradingSystem\Debug\link.5760-mt.read.1.tlog
D:\VS 2012 Projects\shp-system (38) 옵션 매니저 추가  (옵셔 전광판, 잔존기간 365)\TradingSystem\Debug\link.5760-mt.write.1.tlog
D:\VS 2012 Projects\shp-system (38) 옵션 매니저 추가  (옵셔 전광판, 잔존기간 365)\TradingSystem\Debug\link.5760-rc.read.1.tlog
D:\VS 2012 Projects\shp-system (38) 옵션 매니저 추가  (옵셔 전광판, 잔존기간 365)\TradingSystem\Debug\link.5760-rc.write.1.tlog
D:\VS 2012 Projects\shp-system (38) 옵션 매니저 추가  (옵셔 전광판, 잔존기간 365)\TradingSystem\Debug\link.5760.read.1.tlog
D:\VS 2012 Projects\shp-system (38) 옵션 매니저 추가  (옵셔 전광판, 잔존기간 365)\TradingSystem\Debug\link.5760.write.1.tlog
D:\VS 2012 Projects\shp-system (38) 옵션 매니저 추가  (옵셔 전광판, 잔존기간 365)\TradingSystem\Debug\link.5836-cvtres.read.1.tlog
D:\VS 2012 Projects\shp-system (38) 옵션 매니저 추가  (옵셔 전광판, 잔존기간 365)\TradingSystem\Debug\link.5836-cvtres.write.1.tlog
D:\VS 2012 Projects\shp-system (38) 옵션 매니저 추가  (옵셔 전광판, 잔존기간 365)\TradingSystem\Debug\link.5836-mt.read.1.tlog
D:\VS 2012 Projects\shp-system (38) 옵션 매니저 추가  (옵셔 전광판, 잔존기간 365)\TradingSystem\Debug\link.5836-mt.write.1.tlog
D:\VS 2012 Projects\shp-system (38) 옵션 매니저 추가  (옵셔 전광판, 잔존기간 365)\TradingSystem\Debug\link.5836-rc.read.1.tlog
D:\VS 2012 Projects\shp-system (38) 옵션 매니저 추가  (옵셔 전광판, 잔존기간 365)\TradingSystem\Debug\link.5836-rc.write.1.tlog
D:\VS 2012 Projects\shp-system (38) 옵션 매니저 추가  (옵셔 전광판, 잔존기간 365)\TradingSystem\Debug\link.5836.read.1.tlog
D:\VS 2012 Projects\shp-system (38) 옵션 매니저 추가  (옵셔 전광판, 잔존기간 365)\TradingSystem\Debug\link.5836.write.1.tlog
D:\VS 2012 Projects\shp-system (38) 옵션 매니저 추가  (옵셔 전광판, 잔존기간 365)\TradingSystem\Debug\link.5848-cvtres.read.1.tlog
D:\VS 2012 Projects\shp-system (38) 옵션 매니저 추가  (옵셔 전광판, 잔존기간 365)\TradingSystem\Debug\link.5848-cvtres.write.1.tlog
D:\VS 2012 Projects\shp-system (38) 옵션 매니저 추가  (옵셔 전광판, 잔존기간 365)\TradingSystem\Debug\link.5848-mt.read.1.tlog
D:\VS 2012 Projects\shp-system (38) 옵션 매니저 추가  (옵셔 전광판, 잔존기간 365)\TradingSystem\Debug\link.5848-mt.write.1.tlog
D:\VS 2012 Projects\shp-system (38) 옵션 매니저 추가  (옵셔 전광판, 잔존기간 365)\TradingSystem\Debug\link.5848-rc.read.1.tlog
D:\VS 2012 Projects\shp-system (38) 옵션 매니저 추가  (옵셔 전광판, 잔존기간 365)\TradingSystem\Debug\link.5848-rc.write.1.tlog
D:\VS 2012 Projects\shp-system (38) 옵션 매니저 추가  (옵셔 전광판, 잔존기간 365)\TradingSystem\Debug\link.5848.read.1.tlog
D:\VS 2012 Projects\shp-system (38) 옵션 매니저 추가  (옵셔 전광판, 잔존기간 365)\TradingSystem\Debug\link.5848.write.1.tlog
D:\VS 2012 Projects\shp-system (38) 옵션 매니저 추가  (옵셔 전광판, 잔존기간 365)\TradingSystem\Debug\link.6164-cvtres.read.1.tlog
D:\VS 2012 Projects\shp-system (38) 옵션 매니저 추가  (옵셔 전광판, 잔존기간 365)\TradingSystem\Debug\link.6164-cvtres.write.1.tlog
D:\VS 2012 Projects\shp-system (38) 옵션 매니저 추가  (옵셔 전광판, 잔존기간 365)\TradingSystem\Debug\link.6164-mt.read.1.tlog
D:\VS 2012 Projects\shp-system (38) 옵션 매니저 추가  (옵셔 전광판, 잔존기간 365)\TradingSystem\Debug\link.6164-mt.write.1.tlog
D:\VS 2012 Projects\shp-system (38) 옵션 매니저 추가  (옵셔 전광판, 잔존기간 365)\TradingSystem\Debug\link.6164-rc.read.1.tlog
D:\VS 2012 Projects\shp-system (38) 옵션 매니저 추가  (옵셔 전광판, 잔존기간 365)\TradingSystem\Debug\link.6164-rc.write.1.tlog
D:\VS 2012 Projects\shp-system (38) 옵션 매니저 추가  (옵셔 전광판, 잔존기간 365)\TradingSystem\Debug\link.6164.read.1.tlog
D:\VS 2012 Projects\shp-system (38) 옵션 매니저 추가  (옵셔 전광판, 잔존기간 365)\TradingSystem\Debug\link.6164.write.1.tlog
D:\VS 2012 Projects\shp-system (38) 옵션 매니저 추가  (옵셔 전광판, 잔존기간 365)\TradingSystem\Debug\link.6308-cvtres.read.1.tlog
D:\VS 2012 Projects\shp-system (38) 옵션 매니저 추가  (옵셔 전광판, 잔존기간 365)\TradingSystem\Debug\link.6308-cvtres.write.1.tlog
D:\VS 2012 Projects\shp-system (38) 옵션 매니저 추가  (옵셔 전광판, 잔존기간 365)\TradingSystem\Debug\link.6308-mt.read.1.tlog
D:\VS 2012 Projects\shp-system (38) 옵션 매니저 추가  (옵셔 전광판, 잔존기간 365)\TradingSystem\Debug\link.6308-mt.write.1.tlog
D:\VS 2012 Projects\shp-system (38) 옵션 매니저 추가  (옵셔 전광판, 잔존기간 365)\TradingSystem\Debug\link.6308-rc.read.1.tlog
D:\VS 2012 Projects\shp-system (38) 옵션 매니저 추가  (옵셔 전광판, 잔존기간 365)\TradingSystem\Debug\link.6308-rc.write.1.tlog
D:\VS 2012 Projects\shp-system (38) 옵션 매니저 추가  (옵셔 전광판, 잔존기간 365)\TradingSystem\Debug\link.6308.read.1.tlog
D:\VS 2012 Projects\shp-system (38) 옵션 매니저 추가  (옵셔 전광판, 잔존기간 365)\TradingSystem\Debug\link.6308.write.1.tlog
D:\VS 2012 Projects\shp-system (38) 옵션 매니저 추가  (옵셔 전광판, 잔존기간 365)\TradingSystem\Debug\link.6408-cvtres.read.1.tlog
D:\VS 2012 Projects\shp-system (38) 옵션 매니저 추가  (옵셔 전광판, 잔존기간 365)\TradingSystem\Debug\link.6408-cvtres.write.1.tlog
D:\VS 2012 Projects\shp-system (38) 옵션 매니저 추가  (옵셔 전광판, 잔존기간 365)\TradingSystem\Debug\link.6408-mt.read.1.tlog
D:\VS 2012 Projects\shp-system (38) 옵션 매니저 추가  (옵셔 전광판, 잔존기간 365)\TradingSystem\Debug\link.6408-mt.write.1.tlog
D:\VS 2012 Projects\shp-system (38) 옵션 매니저 추가  (옵셔 전광판, 잔존기간 365)\TradingSystem\Debug\link.6408-rc.read.1.tlog
D:\VS 2012 Projects\shp-system (38) 옵션 매니저 추가  (옵셔 전광판, 잔존기간 365)\TradingSystem\Debug\link.6408-rc.write.1.tlog
D:\VS 2012 Projects\shp-system (38) 옵션 매니저 추가  (옵셔 전광판, 잔존기간 365)\TradingSystem\Debug\link.6408.read.1.tlog
D:\VS 2012 Projects\shp-system (38) 옵션 매니저 추가  (옵셔 전광판, 잔존기간 365)\TradingSystem\Debug\link.6408.write.1.tlog
D:\VS 2012 Projects\shp-system (38) 옵션 매니저 추가  (옵셔 전광판, 잔존기간 365)\TradingSystem\Debug\link.732-cvtres.read.1.tlog
D:\VS 2012 Projects\shp-system (38) 옵션 매니저 추가  (옵셔 전광판, 잔존기간 365)\TradingSystem\Debug\link.732-cvtres.write.1.tlog
D:\VS 2012 Projects\shp-system (38) 옵션 매니저 추가  (옵셔 전광판, 잔존기간 365)\TradingSystem\Debug\link.732-mt.read.1.tlog
D:\VS 2012 Projects\shp-system (38) 옵션 매니저 추가  (옵셔 전광판, 잔존기간 365)\TradingSystem\Debug\link.732-mt.write.1.tlog
D:\VS 2012 Projects\shp-system (38) 옵션 매니저 추가  (옵셔 전광판, 잔존기간 365)\TradingSystem\Debug\link.732-rc.read.1.tlog
D:\VS 2012 Projects\shp-system (38) 옵션 매니저 추가  (옵셔 전광판, 잔존기간 365)\TradingSystem\Debug\link.732-rc.write.1.tlog
D:\VS 2012 Projects\shp-system (38) 옵션 매니저 추가  (옵셔 전광판, 잔존기간 365)\TradingSystem\Debug\link.732.read.1.tlog
D:\VS 2012 Projects\shp-system (38) 옵션 매니저 추가  (옵셔 전광판, 잔존기간 365)\TradingSystem\Debug\link.732.write.1.tlog
D:\VS 2012 Projects\shp-system (38) 옵션 매니저 추가  (옵셔 전광판, 잔존기간 365)\TradingSystem\Debug\link.792-cvtres.read.1.tlog
D:\VS 2012 Projects\shp-system (38) 옵션 매니저 추가  (옵셔 전광판, 잔존기간 365)\TradingSystem\Debug\link.792-cvtres.write.1.tlog
D:\VS 2012 Projects\shp-system (38) 옵션 매니저 추가  (옵셔 전광판, 잔존기간 365)\TradingSystem\Debug\link.792-mt.read.1.tlog
D:\VS 2012 Projects\shp-system (38) 옵션 매니저 추가  (옵셔 전광판, 잔존기간 365)\TradingSystem\Debug\link.792-mt.write.1.tlog
D:\VS 2012 Projects\shp-system (38) 옵션 매니저 추가  (옵셔 전광판, 잔존기간 365)\TradingSystem\Debug\link.792-rc.read.1.tlog
D:\VS 2012 Projects\shp-system (38) 옵션 매니저 추가  (옵셔 전광판, 잔존기간 365)\TradingSystem\Debug\link.792-rc.write.1.tlog
D:\VS 2012 Projects\shp-system (38) 옵션 매니저 추가  (옵셔 전광판, 잔존기간 365)\TradingSystem\Debug\link.792.read.1.tlog
D:\VS 2012 Projects\shp-system (38) 옵션 매니저 추가  (옵셔 전광판, 잔존기간 365)\TradingSystem\Debug\link.792.write.1.tlog
D:\VS 2012 Projects\shp-system (38) 옵션 매니저 추가  (옵셔 전광판, 잔존기간 365)\TradingSystem\Debug\link.8856-cvtres.read.1.tlog
D:\VS 2012 Projects\shp-system (38) 옵션 매니저 추가  (옵셔 전광판, 잔존기간 365)\TradingSystem\Debug\link.8856-cvtres.write.1.tlog
D:\VS 2012 Projects\shp-system (38) 옵션 매니저 추가  (옵셔 전광판, 잔존기간 365)\TradingSystem\Debug\link.8856-mt.read.1.tlog
D:\VS 2012 Projects\shp-system (38) 옵션 매니저 추가  (옵셔 전광판, 잔존기간 365)\TradingSystem\Debug\link.8856-mt.write.1.tlog
D:\VS 2012 Projects\shp-system (38) 옵션 매니저 추가  (옵셔 전광판, 잔존기간 365)\TradingSystem\Debug\link.8856-rc.read.1.tlog
D:\VS 2012 Projects\shp-system (38) 옵션 매니저 추가  (옵셔 전광판, 잔존기간 365)\TradingSystem\Debug\link.8856-rc.write.1.tlog
D:\VS 2012 Projects\shp-system (38) 옵션 매니저 추가  (옵셔 전광판, 잔존기간 365)\TradingSystem\Debug\link.8856.read.1.tlog
D:\VS 2012 Projects\shp-system (38) 옵션 매니저 추가  (옵셔 전광판, 잔존기간 365)\TradingSystem\Debug\link.8856.write.1.tlog
D:\VS 2012 Projects\shp-system (38) 옵션 매니저 추가  (옵셔 전광판, 잔존기간 365)\TradingSystem\Debug\link.9152-cvtres.read.1.tlog
D:\VS 2012 Projects\shp-system (38) 옵션 매니저 추가  (옵셔 전광판, 잔존기간 365)\TradingSystem\Debug\link.9152-cvtres.write.1.tlog
D:\VS 2012 Projects\shp-system (38) 옵션 매니저 추가  (옵셔 전광판, 잔존기간 365)\TradingSystem\Debug\link.9152-mt.read.1.tlog
D:\VS 2012 Projects\shp-system (38) 옵션 매니저 추가  (옵셔 전광판, 잔존기간 365)\TradingSystem\Debug\link.9152-mt.write.1.tlog
D:\VS 2012 Projects\shp-system (38) 옵션 매니저 추가  (옵셔 전광판, 잔존기간 365)\TradingSystem\Debug\link.9152-rc.read.1.tlog
D:\VS 2012 Projects\shp-system (38) 옵션 매니저 추가  (옵셔 전광판, 잔존기간 365)\TradingSystem\Debug\link.9152-rc.write.1.tlog
D:\VS 2012 Projects\shp-system (38) 옵션 매니저 추가  (옵셔 전광판, 잔존기간 365)\TradingSystem\Debug\link.9152.read.1.tlog
D:\VS 2012 Projects\shp-system (38) 옵션 매니저 추가  (옵셔 전광판, 잔존기간 365)\TradingSystem\Debug\link.9152.write.1.tlog
D:\VS 2012 Projects\shp-system (38) 옵션 매니저 추가  (옵셔 전광판, 잔존기간 365)\TradingSystem\Debug\link.9932-cvtres.read.1.tlog
D:\VS 2012 Projects\shp-system (38) 옵션 매니저 추가  (옵셔 전광판, 잔존기간 365)\TradingSystem\Debug\link.9932-cvtres.write.1.tlog
D:\VS 2012 Projects\shp-system (38) 옵션 매니저 추가  (옵셔 전광판, 잔존기간 365)\TradingSystem\Debug\link.9932-mt.read.1.tlog
D:\VS 2012 Projects\shp-system (38) 옵션 매니저 추가  (옵셔 전광판, 잔존기간 365)\TradingSystem\Debug\link.9932-mt.write.1.tlog
D:\VS 2012 Projects\shp-system (38) 옵션 매니저 추가  (옵셔 전광판, 잔존기간 365)\TradingSystem\Debug\link.9932-rc.read.1.tlog
D:\VS 2012 Projects\shp-system (38) 옵션 매니저 추가  (옵셔 전광판, 잔존기간 365)\TradingSystem\Debug\link.9932-rc.write.1.tlog
D:\VS 2012 Projects\shp-system (38) 옵션 매니저 추가  (옵셔 전광판, 잔존기간 365)\TradingSystem\Debug\link.9932.read.1.tlog
D:\VS 2012 Projects\shp-system (38) 옵션 매니저 추가  (옵셔 전광판, 잔존기간 365)\TradingSystem\Debug\link.9932.write.1.tlog
D:\VS 2012 Projects\shp-system (38) 옵션 매니저 추가  (옵셔 전광판, 잔존기간 365)\TradingSystem\Debug\link.command.1.tlog
D:\VS 2012 Projects\shp-system (38) 옵션 매니저 추가  (옵셔 전광판, 잔존기간 365)\TradingSystem\Debug\link.read.1.tlog
D:\VS 2012 Projects\shp-system (38) 옵션 매니저 추가  (옵셔 전광판, 잔존기간 365)\TradingSystem\Debug\link.write.1.tlog
D:\VS 2012 Projects\shp-system (38) 옵션 매니저 추가  (옵셔 전광판, 잔존기간 365)\TradingSystem\Debug\rc.command.1.tlog
D:\VS 2012 Projects\shp-system (38) 옵션 매니저 추가  (옵셔 전광판, 잔존기간 365)\TradingSystem\Debug\rc.read.1.tlog
D:\VS 2012 Projects\shp-system (38) 옵션 매니저 추가  (옵셔 전광판, 잔존기간 365)\TradingSystem\Debug\rc.write.1.tlog
D:\VS 2012 Projects\shp-system (38) 옵션 매니저 추가  (옵셔 전광판, 잔존기간 365)\TradingSystem\Debug\TradingSystem.write.1.tlog
D:\VS 2012 Projects\shp-system (38) 옵션 매니저 추가  (옵셔 전광판, 잔존기간 365)\TradingSystem\Debug\TradingSystem.res
D:\VS 2012 Projects\shp-system (38) 옵션 매니저 추가  (옵셔 전광판, 잔존기간 365)\TradingSystem\Debug\TradingSystem.pch
D:\VS 2012 Projects\shp-system (38) 옵션 매니저 추가  (옵셔 전광판, 잔존기간 365)\TradingSystem\Debug\vc110.idb
D:\VS 2012 Projects\shp-system (38) 옵션 매니저 추가  (옵셔 전광판, 잔존기간 365)\TradingSystem\Debug\vc110.pdb
D:\VS 2012 Projects\shp-system (38) 옵션 매니저 추가  (옵셔 전광판, 잔존기간 365)\Debug\TradingSystem.pdb
D:\VS 2012 Projects\shp-system (38) 옵션 매니저 추가  (옵셔 전광판, 잔존기간 365)\Debug\TradingSystem.exe
D:\VS 2012 Projects\shp-system (38) 옵션 매니저 추가  (옵셔 전광판, 잔존기간 365)\Debug\TradingSystem.ilk
