D:\VS 2012 PROJECTS\SHP-SYSTEM (38) 옵션 매니저 추가  (옵셔 전광판, 잔존기간 365)\TRADINGSYSTEM\RELEASE\TRADINGSYSTEM.PCH
D:\VS 2012 PROJECTS\SHP-SYSTEM (38) 옵션 매니저 추가  (옵셔 전광판, 잔존기간 365)\TRADINGSYSTEM\RELEASE\STDAFX.OBJ
D:\VS 2012 PROJECTS\SHP-SYSTEM (38) 옵션 매니저 추가  (옵셔 전광판, 잔존기간 365)\TRADINGSYSTEM\RELEASE\VC110.PDB
D:\VS 2012 PROJECTS\SHP-SYSTEM (38) 옵션 매니저 추가  (옵셔 전광판, 잔존기간 365)\TRADINGSYSTEM\RELEASE\DATEINFO.OBJ
D:\VS 2012 PROJECTS\SHP-SYSTEM (38) 옵션 매니저 추가  (옵셔 전광판, 잔존기간 365)\TRADINGSYSTEM\RELEASE\DATABUNCHLIST.OBJ
D:\VS 2012 PROJECTS\SHP-SYSTEM (38) 옵션 매니저 추가  (옵셔 전광판, 잔존기간 365)\TRADINGSYSTEM\RELEASE\DATAFEEDINGITEMINFOLIST.OBJ
D:\VS 2012 PROJECTS\SHP-SYSTEM (38) 옵션 매니저 추가  (옵셔 전광판, 잔존기간 365)\TRADINGSYSTEM\RELEASE\DATAFEEDINGITEMINFO.OBJ
D:\VS 2012 PROJECTS\SHP-SYSTEM (38) 옵션 매니저 추가  (옵셔 전광판, 잔존기간 365)\TRADINGSYSTEM\RELEASE\DATAFEEDINGINFOMANAGER.OBJ
D:\VS 2012 PROJECTS\SHP-SYSTEM (38) 옵션 매니저 추가  (옵셔 전광판, 잔존기간 365)\TRADINGSYSTEM\RELEASE\DATABUNCH.OBJ
D:\VS 2012 PROJECTS\SHP-SYSTEM (38) 옵션 매니저 추가  (옵셔 전광판, 잔존기간 365)\TRADINGSYSTEM\RELEASE\DATAFEEDINGINFOITEMLISTINGRID.OBJ
D:\VS 2012 PROJECTS\SHP-SYSTEM (38) 옵션 매니저 추가  (옵셔 전광판, 잔존기간 365)\TRADINGSYSTEM\RELEASE\DATAFEEDERLIST.OBJ
D:\VS 2012 PROJECTS\SHP-SYSTEM (38) 옵션 매니저 추가  (옵셔 전광판, 잔존기간 365)\TRADINGSYSTEM\RELEASE\DATAFEEDINGGRIDCTRL.OBJ
D:\VS 2012 PROJECTS\SHP-SYSTEM (38) 옵션 매니저 추가  (옵셔 전광판, 잔존기간 365)\TRADINGSYSTEM\RELEASE\DATAFEEDINGEDITCTRL.OBJ
D:\VS 2012 PROJECTS\SHP-SYSTEM (38) 옵션 매니저 추가  (옵셔 전광판, 잔존기간 365)\TRADINGSYSTEM\RELEASE\DATABUNCHITEMGRIDCTRL.OBJ
D:\VS 2012 PROJECTS\SHP-SYSTEM (38) 옵션 매니저 추가  (옵셔 전광판, 잔존기간 365)\TRADINGSYSTEM\RELEASE\DATABUNCHITEM.OBJ
D:\VS 2012 PROJECTS\SHP-SYSTEM (38) 옵션 매니저 추가  (옵셔 전광판, 잔존기간 365)\TRADINGSYSTEM\RELEASE\DATABUNCHGRIDCTRL.OBJ
D:\VS 2012 PROJECTS\SHP-SYSTEM (38) 옵션 매니저 추가  (옵셔 전광판, 잔존기간 365)\TRADINGSYSTEM\RELEASE\DATABUNCHESTONOTIFY.OBJ
D:\VS 2012 PROJECTS\SHP-SYSTEM (38) 옵션 매니저 추가  (옵셔 전광판, 잔존기간 365)\TRADINGSYSTEM\RELEASE\DATABLOCK.OBJ
D:\VS 2012 PROJECTS\SHP-SYSTEM (38) 옵션 매니저 추가  (옵셔 전광판, 잔존기간 365)\TRADINGSYSTEM\RELEASE\CONTRACT.OBJ
D:\VS 2012 PROJECTS\SHP-SYSTEM (38) 옵션 매니저 추가  (옵셔 전광판, 잔존기간 365)\TRADINGSYSTEM\RELEASE\CHARTVIEWER.OBJ
D:\VS 2012 PROJECTS\SHP-SYSTEM (38) 옵션 매니저 추가  (옵셔 전광판, 잔존기간 365)\TRADINGSYSTEM\RELEASE\BLACKSHOLESOPTIONPRICINGMODEL.OBJ
D:\VS 2012 PROJECTS\SHP-SYSTEM (38) 옵션 매니저 추가  (옵셔 전광판, 잔존기간 365)\TRADINGSYSTEM\RELEASE\ASKLIST.OBJ
D:\VS 2012 PROJECTS\SHP-SYSTEM (38) 옵션 매니저 추가  (옵셔 전광판, 잔존기간 365)\TRADINGSYSTEM\RELEASE\ASK.OBJ
D:\VS 2012 PROJECTS\SHP-SYSTEM (38) 옵션 매니저 추가  (옵셔 전광판, 잔존기간 365)\TRADINGSYSTEM\RELEASE\FILEWRITER.OBJ
D:\VS 2012 PROJECTS\SHP-SYSTEM (38) 옵션 매니저 추가  (옵셔 전광판, 잔존기간 365)\TRADINGSYSTEM\RELEASE\EXPIRYCALCULATOR.OBJ
D:\VS 2012 PROJECTS\SHP-SYSTEM (38) 옵션 매니저 추가  (옵셔 전광판, 잔존기간 365)\TRADINGSYSTEM\RELEASE\EUROPEANOPTION.OBJ
D:\VS 2012 PROJECTS\SHP-SYSTEM (38) 옵션 매니저 추가  (옵셔 전광판, 잔존기간 365)\TRADINGSYSTEM\RELEASE\ETRADEUSERINFO.OBJ
D:\VS 2012 PROJECTS\SHP-SYSTEM (38) 옵션 매니저 추가  (옵셔 전광판, 잔존기간 365)\TRADINGSYSTEM\RELEASE\ETRADESERVERINFO.OBJ
D:\VS 2012 PROJECTS\SHP-SYSTEM (38) 옵션 매니저 추가  (옵셔 전광판, 잔존기간 365)\TRADINGSYSTEM\RELEASE\ETRADELOGININFOXMLWRITER.OBJ
D:\VS 2012 PROJECTS\SHP-SYSTEM (38) 옵션 매니저 추가  (옵셔 전광판, 잔존기간 365)\TRADINGSYSTEM\RELEASE\ETRADELOGININFOXMLREADER.OBJ
D:\VS 2012 PROJECTS\SHP-SYSTEM (38) 옵션 매니저 추가  (옵셔 전광판, 잔존기간 365)\TRADINGSYSTEM\RELEASE\ETRADELOGININFOXMLCONTROLLER.OBJ
D:\VS 2012 PROJECTS\SHP-SYSTEM (38) 옵션 매니저 추가  (옵셔 전광판, 잔존기간 365)\TRADINGSYSTEM\RELEASE\ETRADELOGININFOMANAGER.OBJ
D:\VS 2012 PROJECTS\SHP-SYSTEM (38) 옵션 매니저 추가  (옵셔 전광판, 잔존기간 365)\TRADINGSYSTEM\RELEASE\ETRADELOGININFO.OBJ
D:\VS 2012 PROJECTS\SHP-SYSTEM (38) 옵션 매니저 추가  (옵셔 전광판, 잔존기간 365)\TRADINGSYSTEM\RELEASE\DATAFEEDINGINFOXMLCONTROLLER.OBJ
D:\VS 2012 PROJECTS\SHP-SYSTEM (38) 옵션 매니저 추가  (옵셔 전광판, 잔존기간 365)\TRADINGSYSTEM\RELEASE\DLGWOORILOGINSTATUS.OBJ
D:\VS 2012 PROJECTS\SHP-SYSTEM (38) 옵션 매니저 추가  (옵셔 전광판, 잔존기간 365)\TRADINGSYSTEM\RELEASE\DLGOPTIONSTRATEGY.OBJ
D:\VS 2012 PROJECTS\SHP-SYSTEM (38) 옵션 매니저 추가  (옵셔 전광판, 잔존기간 365)\TRADINGSYSTEM\RELEASE\DLGOPTIONMANAGER.OBJ
D:\VS 2012 PROJECTS\SHP-SYSTEM (38) 옵션 매니저 추가  (옵셔 전광판, 잔존기간 365)\TRADINGSYSTEM\RELEASE\DLGDATAFEEDINGMODULE.OBJ
D:\VS 2012 PROJECTS\SHP-SYSTEM (38) 옵션 매니저 추가  (옵셔 전광판, 잔존기간 365)\TRADINGSYSTEM\RELEASE\DLGMODULETREE.OBJ
D:\VS 2012 PROJECTS\SHP-SYSTEM (38) 옵션 매니저 추가  (옵셔 전광판, 잔존기간 365)\TRADINGSYSTEM\RELEASE\DLGLOGINSTATUSTABBAR.OBJ
D:\VS 2012 PROJECTS\SHP-SYSTEM (38) 옵션 매니저 추가  (옵셔 전광판, 잔존기간 365)\TRADINGSYSTEM\RELEASE\DLGINSTRUMENTMANAGER.OBJ
D:\VS 2012 PROJECTS\SHP-SYSTEM (38) 옵션 매니저 추가  (옵셔 전광판, 잔존기간 365)\TRADINGSYSTEM\RELEASE\DLGETRADELOGINSTATUS.OBJ
D:\VS 2012 PROJECTS\SHP-SYSTEM (38) 옵션 매니저 추가  (옵셔 전광판, 잔존기간 365)\TRADINGSYSTEM\RELEASE\DLGDATAFEEDINGINFOITEMADD.OBJ
D:\VS 2012 PROJECTS\SHP-SYSTEM (38) 옵션 매니저 추가  (옵셔 전광판, 잔존기간 365)\TRADINGSYSTEM\RELEASE\MATHFORMULA.OBJ
D:\VS 2012 PROJECTS\SHP-SYSTEM (38) 옵션 매니저 추가  (옵셔 전광판, 잔존기간 365)\TRADINGSYSTEM\RELEASE\MATHCALCULATOR.OBJ
D:\VS 2012 PROJECTS\SHP-SYSTEM (38) 옵션 매니저 추가  (옵셔 전광판, 잔존기간 365)\TRADINGSYSTEM\RELEASE\MARKUP.OBJ
D:\VS 2012 PROJECTS\SHP-SYSTEM (38) 옵션 매니저 추가  (옵셔 전광판, 잔존기간 365)\TRADINGSYSTEM\RELEASE\MAINFRM.OBJ
D:\VS 2012 PROJECTS\SHP-SYSTEM (38) 옵션 매니저 추가  (옵셔 전광판, 잔존기간 365)\TRADINGSYSTEM\RELEASE\LONGPOSITION.OBJ
D:\VS 2012 PROJECTS\SHP-SYSTEM (38) 옵션 매니저 추가  (옵셔 전광판, 잔존기간 365)\TRADINGSYSTEM\RELEASE\LOGINTIME.OBJ
D:\VS 2012 PROJECTS\SHP-SYSTEM (38) 옵션 매니저 추가  (옵셔 전광판, 잔존기간 365)\TRADINGSYSTEM\RELEASE\LOGININFOMANAGER.OBJ
D:\VS 2012 PROJECTS\SHP-SYSTEM (38) 옵션 매니저 추가  (옵셔 전광판, 잔존기간 365)\TRADINGSYSTEM\RELEASE\LIMITORDERBOOK.OBJ
D:\VS 2012 PROJECTS\SHP-SYSTEM (38) 옵션 매니저 추가  (옵셔 전광판, 잔존기간 365)\TRADINGSYSTEM\RELEASE\INSTRUMENTMANAGER.OBJ
D:\VS 2012 PROJECTS\SHP-SYSTEM (38) 옵션 매니저 추가  (옵셔 전광판, 잔존기간 365)\TRADINGSYSTEM\RELEASE\INSTRUMENTLIST.OBJ
D:\VS 2012 PROJECTS\SHP-SYSTEM (38) 옵션 매니저 추가  (옵셔 전광판, 잔존기간 365)\TRADINGSYSTEM\RELEASE\INSTRUMENTINFOXMLCONTROLLER.OBJ
D:\VS 2012 PROJECTS\SHP-SYSTEM (38) 옵션 매니저 추가  (옵셔 전광판, 잔존기간 365)\TRADINGSYSTEM\RELEASE\INSTRUMENTGRIDCTRL.OBJ
D:\VS 2012 PROJECTS\SHP-SYSTEM (38) 옵션 매니저 추가  (옵셔 전광판, 잔존기간 365)\TRADINGSYSTEM\RELEASE\INSTRUMENTCODEMAKER.OBJ
D:\VS 2012 PROJECTS\SHP-SYSTEM (38) 옵션 매니저 추가  (옵셔 전광판, 잔존기간 365)\TRADINGSYSTEM\RELEASE\INSTRUMENT.OBJ
D:\VS 2012 PROJECTS\SHP-SYSTEM (38) 옵션 매니저 추가  (옵셔 전광판, 잔존기간 365)\TRADINGSYSTEM\RELEASE\TITLETIP.OBJ
D:\VS 2012 PROJECTS\SHP-SYSTEM (38) 옵션 매니저 추가  (옵셔 전광판, 잔존기간 365)\TRADINGSYSTEM\RELEASE\INPLACEEDIT.OBJ
D:\VS 2012 PROJECTS\SHP-SYSTEM (38) 옵션 매니저 추가  (옵셔 전광판, 잔존기간 365)\TRADINGSYSTEM\RELEASE\GRIDDROPTARGET.OBJ
D:\VS 2012 PROJECTS\SHP-SYSTEM (38) 옵션 매니저 추가  (옵셔 전광판, 잔존기간 365)\TRADINGSYSTEM\RELEASE\GRIDCTRL.OBJ
D:\VS 2012 PROJECTS\SHP-SYSTEM (38) 옵션 매니저 추가  (옵셔 전광판, 잔존기간 365)\TRADINGSYSTEM\RELEASE\GRIDCELLBASE.OBJ
D:\VS 2012 PROJECTS\SHP-SYSTEM (38) 옵션 매니저 추가  (옵셔 전광판, 잔존기간 365)\TRADINGSYSTEM\RELEASE\GRIDCELL.OBJ
D:\VS 2012 PROJECTS\SHP-SYSTEM (38) 옵션 매니저 추가  (옵셔 전광판, 잔존기간 365)\TRADINGSYSTEM\RELEASE\POSITIONLIST.OBJ
D:\VS 2012 PROJECTS\SHP-SYSTEM (38) 옵션 매니저 추가  (옵셔 전광판, 잔존기간 365)\TRADINGSYSTEM\RELEASE\OUTPUTVIEW.OBJ
D:\VS 2012 PROJECTS\SHP-SYSTEM (38) 옵션 매니저 추가  (옵셔 전광판, 잔존기간 365)\TRADINGSYSTEM\RELEASE\OPTIONVALUE.OBJ
D:\VS 2012 PROJECTS\SHP-SYSTEM (38) 옵션 매니저 추가  (옵셔 전광판, 잔존기간 365)\TRADINGSYSTEM\RELEASE\OPTIONPRICEBOARD.OBJ
D:\VS 2012 PROJECTS\SHP-SYSTEM (38) 옵션 매니저 추가  (옵셔 전광판, 잔존기간 365)\TRADINGSYSTEM\RELEASE\OPTIONSTRATEGYLIST.OBJ
D:\VS 2012 PROJECTS\SHP-SYSTEM (38) 옵션 매니저 추가  (옵셔 전광판, 잔존기간 365)\TRADINGSYSTEM\RELEASE\OPTIONSTRATEGYGRIDCTRL.OBJ
D:\VS 2012 PROJECTS\SHP-SYSTEM (38) 옵션 매니저 추가  (옵셔 전광판, 잔존기간 365)\TRADINGSYSTEM\RELEASE\OPTIONPOSITIONGRIDCTRL.OBJ
D:\VS 2012 PROJECTS\SHP-SYSTEM (38) 옵션 매니저 추가  (옵셔 전광판, 잔존기간 365)\TRADINGSYSTEM\RELEASE\OPTIONPARAMETER.OBJ
D:\VS 2012 PROJECTS\SHP-SYSTEM (38) 옵션 매니저 추가  (옵셔 전광판, 잔존기간 365)\TRADINGSYSTEM\RELEASE\OPTIONMANAGER.OBJ
D:\VS 2012 PROJECTS\SHP-SYSTEM (38) 옵션 매니저 추가  (옵셔 전광판, 잔존기간 365)\TRADINGSYSTEM\RELEASE\OPTIONLISTGRIDCTRL.OBJ
D:\VS 2012 PROJECTS\SHP-SYSTEM (38) 옵션 매니저 추가  (옵셔 전광판, 잔존기간 365)\TRADINGSYSTEM\RELEASE\OPTIONPRICEBOARDITEM.OBJ
D:\VS 2012 PROJECTS\SHP-SYSTEM (38) 옵션 매니저 추가  (옵셔 전광판, 잔존기간 365)\TRADINGSYSTEM\RELEASE\OPTIONINFOLIST.OBJ
D:\VS 2012 PROJECTS\SHP-SYSTEM (38) 옵션 매니저 추가  (옵셔 전광판, 잔존기간 365)\TRADINGSYSTEM\RELEASE\OPTIONINFO.OBJ
D:\VS 2012 PROJECTS\SHP-SYSTEM (38) 옵션 매니저 추가  (옵셔 전광판, 잔존기간 365)\TRADINGSYSTEM\RELEASE\GRIDURLCELL.OBJ
D:\VS 2012 PROJECTS\SHP-SYSTEM (38) 옵션 매니저 추가  (옵셔 전광판, 잔존기간 365)\TRADINGSYSTEM\RELEASE\GRIDCELLNUMERIC.OBJ
D:\VS 2012 PROJECTS\SHP-SYSTEM (38) 옵션 매니저 추가  (옵셔 전광판, 잔존기간 365)\TRADINGSYSTEM\RELEASE\GRIDCELLDATETIME.OBJ
D:\VS 2012 PROJECTS\SHP-SYSTEM (38) 옵션 매니저 추가  (옵셔 전광판, 잔존기간 365)\TRADINGSYSTEM\RELEASE\GRIDCELLCOMBO.OBJ
D:\VS 2012 PROJECTS\SHP-SYSTEM (38) 옵션 매니저 추가  (옵셔 전광판, 잔존기간 365)\TRADINGSYSTEM\RELEASE\GRIDCELLCHECK.OBJ
D:\VS 2012 PROJECTS\SHP-SYSTEM (38) 옵션 매니저 추가  (옵셔 전광판, 잔존기간 365)\TRADINGSYSTEM\RELEASE\MODULERELATIONVIEW.OBJ
D:\VS 2012 PROJECTS\SHP-SYSTEM (38) 옵션 매니저 추가  (옵셔 전광판, 잔존기간 365)\TRADINGSYSTEM\RELEASE\MODULELIST.OBJ
D:\VS 2012 PROJECTS\SHP-SYSTEM (38) 옵션 매니저 추가  (옵셔 전광판, 잔존기간 365)\TRADINGSYSTEM\RELEASE\DATACONVERTER.OBJ
D:\VS 2012 PROJECTS\SHP-SYSTEM (38) 옵션 매니저 추가  (옵셔 전광판, 잔존기간 365)\TRADINGSYSTEM\RELEASE\TRADINGSYSTEMVIEW.OBJ
D:\VS 2012 PROJECTS\SHP-SYSTEM (38) 옵션 매니저 추가  (옵셔 전광판, 잔존기간 365)\TRADINGSYSTEM\RELEASE\TRADINGSYSTEMMANAGER.OBJ
D:\VS 2012 PROJECTS\SHP-SYSTEM (38) 옵션 매니저 추가  (옵셔 전광판, 잔존기간 365)\TRADINGSYSTEM\RELEASE\TRADINGSYSTEMDOC.OBJ
D:\VS 2012 PROJECTS\SHP-SYSTEM (38) 옵션 매니저 추가  (옵셔 전광판, 잔존기간 365)\TRADINGSYSTEM\RELEASE\TRADINGSYSTEM.OBJ
D:\VS 2012 PROJECTS\SHP-SYSTEM (38) 옵션 매니저 추가  (옵셔 전광판, 잔존기간 365)\TRADINGSYSTEM\RELEASE\SHORTPOSITION.OBJ
D:\VS 2012 PROJECTS\SHP-SYSTEM (38) 옵션 매니저 추가  (옵셔 전광판, 잔존기간 365)\TRADINGSYSTEM\RELEASE\SENSITIVITY.OBJ
D:\VS 2012 PROJECTS\SHP-SYSTEM (38) 옵션 매니저 추가  (옵셔 전광판, 잔존기간 365)\RELEASE\TRADINGSYSTEM.EXE
D:\VS 2012 PROJECTS\SHP-SYSTEM (38) 옵션 매니저 추가  (옵셔 전광판, 잔존기간 365)\RELEASE\TRADINGSYSTEM.PDB
D:\VS 2012 PROJECTS\SHP-SYSTEM (38) 옵션 매니저 추가  (옵셔 전광판, 잔존기간 365)\TRADINGSYSTEM\RELEASE\TRADINGSYSTEM.RES
D:\VS 2012 Projects\shp-system (38) 옵션 매니저 추가  (옵셔 전광판, 잔존기간 365)\Release\TradingSystem.lib
D:\VS 2012 Projects\shp-system (38) 옵션 매니저 추가  (옵셔 전광판, 잔존기간 365)\Release\TradingSystem.exp
D:\VS 2012 Projects\shp-system (38) 옵션 매니저 추가  (옵셔 전광판, 잔존기간 365)\TradingSystem\Release\Ask.obj
D:\VS 2012 Projects\shp-system (38) 옵션 매니저 추가  (옵셔 전광판, 잔존기간 365)\TradingSystem\Release\AskList.obj
D:\VS 2012 Projects\shp-system (38) 옵션 매니저 추가  (옵셔 전광판, 잔존기간 365)\TradingSystem\Release\BlackSholesOptionPricingModel.obj
D:\VS 2012 Projects\shp-system (38) 옵션 매니저 추가  (옵셔 전광판, 잔존기간 365)\TradingSystem\Release\ChartViewer.obj
D:\VS 2012 Projects\shp-system (38) 옵션 매니저 추가  (옵셔 전광판, 잔존기간 365)\TradingSystem\Release\Contract.obj
D:\VS 2012 Projects\shp-system (38) 옵션 매니저 추가  (옵셔 전광판, 잔존기간 365)\TradingSystem\Release\DataBlock.obj
D:\VS 2012 Projects\shp-system (38) 옵션 매니저 추가  (옵셔 전광판, 잔존기간 365)\TradingSystem\Release\DataBunch.obj
D:\VS 2012 Projects\shp-system (38) 옵션 매니저 추가  (옵셔 전광판, 잔존기간 365)\TradingSystem\Release\DataBunchesToNotify.obj
D:\VS 2012 Projects\shp-system (38) 옵션 매니저 추가  (옵셔 전광판, 잔존기간 365)\TradingSystem\Release\DataBunchGridCtrl.obj
D:\VS 2012 Projects\shp-system (38) 옵션 매니저 추가  (옵셔 전광판, 잔존기간 365)\TradingSystem\Release\DataBunchItem.obj
D:\VS 2012 Projects\shp-system (38) 옵션 매니저 추가  (옵셔 전광판, 잔존기간 365)\TradingSystem\Release\DataBunchItemGridCtrl.obj
D:\VS 2012 Projects\shp-system (38) 옵션 매니저 추가  (옵셔 전광판, 잔존기간 365)\TradingSystem\Release\DataBunchList.obj
D:\VS 2012 Projects\shp-system (38) 옵션 매니저 추가  (옵셔 전광판, 잔존기간 365)\TradingSystem\Release\DataConverter.obj
D:\VS 2012 Projects\shp-system (38) 옵션 매니저 추가  (옵셔 전광판, 잔존기간 365)\TradingSystem\Release\DataFeederList.obj
D:\VS 2012 Projects\shp-system (38) 옵션 매니저 추가  (옵셔 전광판, 잔존기간 365)\TradingSystem\Release\DataFeedingEditCtrl.obj
D:\VS 2012 Projects\shp-system (38) 옵션 매니저 추가  (옵셔 전광판, 잔존기간 365)\TradingSystem\Release\DataFeedingGridCtrl.obj
D:\VS 2012 Projects\shp-system (38) 옵션 매니저 추가  (옵셔 전광판, 잔존기간 365)\TradingSystem\Release\DataFeedingInfoItemListInGrid.obj
D:\VS 2012 Projects\shp-system (38) 옵션 매니저 추가  (옵셔 전광판, 잔존기간 365)\TradingSystem\Release\DataFeedingInfoManager.obj
D:\VS 2012 Projects\shp-system (38) 옵션 매니저 추가  (옵셔 전광판, 잔존기간 365)\TradingSystem\Release\DataFeedingInfoXMLController.obj
D:\VS 2012 Projects\shp-system (38) 옵션 매니저 추가  (옵셔 전광판, 잔존기간 365)\TradingSystem\Release\DataFeedingItemInfo.obj
D:\VS 2012 Projects\shp-system (38) 옵션 매니저 추가  (옵셔 전광판, 잔존기간 365)\TradingSystem\Release\DataFeedingItemInfoList.obj
D:\VS 2012 Projects\shp-system (38) 옵션 매니저 추가  (옵셔 전광판, 잔존기간 365)\TradingSystem\Release\DateInfo.obj
D:\VS 2012 Projects\shp-system (38) 옵션 매니저 추가  (옵셔 전광판, 잔존기간 365)\TradingSystem\Release\DlgDataFeedingInfoItemAdd.obj
D:\VS 2012 Projects\shp-system (38) 옵션 매니저 추가  (옵셔 전광판, 잔존기간 365)\TradingSystem\Release\DlgDataFeedingModule.obj
D:\VS 2012 Projects\shp-system (38) 옵션 매니저 추가  (옵셔 전광판, 잔존기간 365)\TradingSystem\Release\DlgETradeLoginStatus.obj
D:\VS 2012 Projects\shp-system (38) 옵션 매니저 추가  (옵셔 전광판, 잔존기간 365)\TradingSystem\Release\DlgInstrumentManager.obj
D:\VS 2012 Projects\shp-system (38) 옵션 매니저 추가  (옵셔 전광판, 잔존기간 365)\TradingSystem\Release\DlgLoginStatusTabBar.obj
D:\VS 2012 Projects\shp-system (38) 옵션 매니저 추가  (옵셔 전광판, 잔존기간 365)\TradingSystem\Release\DlgModuleTree.obj
D:\VS 2012 Projects\shp-system (38) 옵션 매니저 추가  (옵셔 전광판, 잔존기간 365)\TradingSystem\Release\DlgOptionManager.obj
D:\VS 2012 Projects\shp-system (38) 옵션 매니저 추가  (옵셔 전광판, 잔존기간 365)\TradingSystem\Release\DlgOptionStrategy.obj
D:\VS 2012 Projects\shp-system (38) 옵션 매니저 추가  (옵셔 전광판, 잔존기간 365)\TradingSystem\Release\DlgWooriLoginStatus.obj
D:\VS 2012 Projects\shp-system (38) 옵션 매니저 추가  (옵셔 전광판, 잔존기간 365)\TradingSystem\Release\ETradeLoginInfo.obj
D:\VS 2012 Projects\shp-system (38) 옵션 매니저 추가  (옵셔 전광판, 잔존기간 365)\TradingSystem\Release\ETradeLoginInfoManager.obj
D:\VS 2012 Projects\shp-system (38) 옵션 매니저 추가  (옵셔 전광판, 잔존기간 365)\TradingSystem\Release\ETradeLoginInfoXMLController.obj
D:\VS 2012 Projects\shp-system (38) 옵션 매니저 추가  (옵셔 전광판, 잔존기간 365)\TradingSystem\Release\ETradeLoginInfoXMLReader.obj
D:\VS 2012 Projects\shp-system (38) 옵션 매니저 추가  (옵셔 전광판, 잔존기간 365)\TradingSystem\Release\ETradeLoginInfoXMLWriter.obj
D:\VS 2012 Projects\shp-system (38) 옵션 매니저 추가  (옵셔 전광판, 잔존기간 365)\TradingSystem\Release\ETradeServerInfo.obj
D:\VS 2012 Projects\shp-system (38) 옵션 매니저 추가  (옵셔 전광판, 잔존기간 365)\TradingSystem\Release\ETradeUserInfo.obj
D:\VS 2012 Projects\shp-system (38) 옵션 매니저 추가  (옵셔 전광판, 잔존기간 365)\TradingSystem\Release\EuropeanOption.obj
D:\VS 2012 Projects\shp-system (38) 옵션 매니저 추가  (옵셔 전광판, 잔존기간 365)\TradingSystem\Release\ExpiryCalculator.obj
D:\VS 2012 Projects\shp-system (38) 옵션 매니저 추가  (옵셔 전광판, 잔존기간 365)\TradingSystem\Release\FileWriter.obj
D:\VS 2012 Projects\shp-system (38) 옵션 매니저 추가  (옵셔 전광판, 잔존기간 365)\TradingSystem\Release\GridCell.obj
D:\VS 2012 Projects\shp-system (38) 옵션 매니저 추가  (옵셔 전광판, 잔존기간 365)\TradingSystem\Release\GridCellBase.obj
D:\VS 2012 Projects\shp-system (38) 옵션 매니저 추가  (옵셔 전광판, 잔존기간 365)\TradingSystem\Release\GridCellCheck.obj
D:\VS 2012 Projects\shp-system (38) 옵션 매니저 추가  (옵셔 전광판, 잔존기간 365)\TradingSystem\Release\GridCellCombo.obj
D:\VS 2012 Projects\shp-system (38) 옵션 매니저 추가  (옵셔 전광판, 잔존기간 365)\TradingSystem\Release\GridCellDateTime.obj
D:\VS 2012 Projects\shp-system (38) 옵션 매니저 추가  (옵셔 전광판, 잔존기간 365)\TradingSystem\Release\GridCellNumeric.obj
D:\VS 2012 Projects\shp-system (38) 옵션 매니저 추가  (옵셔 전광판, 잔존기간 365)\TradingSystem\Release\GridCtrl.obj
D:\VS 2012 Projects\shp-system (38) 옵션 매니저 추가  (옵셔 전광판, 잔존기간 365)\TradingSystem\Release\GridDropTarget.obj
D:\VS 2012 Projects\shp-system (38) 옵션 매니저 추가  (옵셔 전광판, 잔존기간 365)\TradingSystem\Release\GridURLCell.obj
D:\VS 2012 Projects\shp-system (38) 옵션 매니저 추가  (옵셔 전광판, 잔존기간 365)\TradingSystem\Release\InPlaceEdit.obj
D:\VS 2012 Projects\shp-system (38) 옵션 매니저 추가  (옵셔 전광판, 잔존기간 365)\TradingSystem\Release\Instrument.obj
D:\VS 2012 Projects\shp-system (38) 옵션 매니저 추가  (옵셔 전광판, 잔존기간 365)\TradingSystem\Release\InstrumentCodeMaker.obj
D:\VS 2012 Projects\shp-system (38) 옵션 매니저 추가  (옵셔 전광판, 잔존기간 365)\TradingSystem\Release\InstrumentGridCtrl.obj
D:\VS 2012 Projects\shp-system (38) 옵션 매니저 추가  (옵셔 전광판, 잔존기간 365)\TradingSystem\Release\InstrumentInfoXMLController.obj
D:\VS 2012 Projects\shp-system (38) 옵션 매니저 추가  (옵셔 전광판, 잔존기간 365)\TradingSystem\Release\InstrumentList.obj
D:\VS 2012 Projects\shp-system (38) 옵션 매니저 추가  (옵셔 전광판, 잔존기간 365)\TradingSystem\Release\InstrumentManager.obj
D:\VS 2012 Projects\shp-system (38) 옵션 매니저 추가  (옵셔 전광판, 잔존기간 365)\TradingSystem\Release\LimitOrderBook.obj
D:\VS 2012 Projects\shp-system (38) 옵션 매니저 추가  (옵셔 전광판, 잔존기간 365)\TradingSystem\Release\LoginInfoManager.obj
D:\VS 2012 Projects\shp-system (38) 옵션 매니저 추가  (옵셔 전광판, 잔존기간 365)\TradingSystem\Release\LoginTime.obj
D:\VS 2012 Projects\shp-system (38) 옵션 매니저 추가  (옵셔 전광판, 잔존기간 365)\TradingSystem\Release\LongPosition.obj
D:\VS 2012 Projects\shp-system (38) 옵션 매니저 추가  (옵셔 전광판, 잔존기간 365)\TradingSystem\Release\MainFrm.obj
D:\VS 2012 Projects\shp-system (38) 옵션 매니저 추가  (옵셔 전광판, 잔존기간 365)\TradingSystem\Release\Markup.obj
D:\VS 2012 Projects\shp-system (38) 옵션 매니저 추가  (옵셔 전광판, 잔존기간 365)\TradingSystem\Release\MathCalculator.obj
D:\VS 2012 Projects\shp-system (38) 옵션 매니저 추가  (옵셔 전광판, 잔존기간 365)\TradingSystem\Release\MathFormula.obj
D:\VS 2012 Projects\shp-system (38) 옵션 매니저 추가  (옵셔 전광판, 잔존기간 365)\TradingSystem\Release\ModuleList.obj
D:\VS 2012 Projects\shp-system (38) 옵션 매니저 추가  (옵셔 전광판, 잔존기간 365)\TradingSystem\Release\ModuleRelationView.obj
D:\VS 2012 Projects\shp-system (38) 옵션 매니저 추가  (옵셔 전광판, 잔존기간 365)\TradingSystem\Release\OptionInfo.obj
D:\VS 2012 Projects\shp-system (38) 옵션 매니저 추가  (옵셔 전광판, 잔존기간 365)\TradingSystem\Release\OptionInfoList.obj
D:\VS 2012 Projects\shp-system (38) 옵션 매니저 추가  (옵셔 전광판, 잔존기간 365)\TradingSystem\Release\OptionListGridCtrl.obj
D:\VS 2012 Projects\shp-system (38) 옵션 매니저 추가  (옵셔 전광판, 잔존기간 365)\TradingSystem\Release\OptionManager.obj
D:\VS 2012 Projects\shp-system (38) 옵션 매니저 추가  (옵셔 전광판, 잔존기간 365)\TradingSystem\Release\OptionParameter.obj
D:\VS 2012 Projects\shp-system (38) 옵션 매니저 추가  (옵셔 전광판, 잔존기간 365)\TradingSystem\Release\OptionPositionGridCtrl.obj
D:\VS 2012 Projects\shp-system (38) 옵션 매니저 추가  (옵셔 전광판, 잔존기간 365)\TradingSystem\Release\OptionPriceBoard.obj
D:\VS 2012 Projects\shp-system (38) 옵션 매니저 추가  (옵셔 전광판, 잔존기간 365)\TradingSystem\Release\OptionPriceBoardItem.obj
D:\VS 2012 Projects\shp-system (38) 옵션 매니저 추가  (옵셔 전광판, 잔존기간 365)\TradingSystem\Release\OptionStrategyGridCtrl.obj
D:\VS 2012 Projects\shp-system (38) 옵션 매니저 추가  (옵셔 전광판, 잔존기간 365)\TradingSystem\Release\OptionStrategyList.obj
D:\VS 2012 Projects\shp-system (38) 옵션 매니저 추가  (옵셔 전광판, 잔존기간 365)\TradingSystem\Release\OptionValue.obj
D:\VS 2012 Projects\shp-system (38) 옵션 매니저 추가  (옵셔 전광판, 잔존기간 365)\TradingSystem\Release\OutputView.obj
D:\VS 2012 Projects\shp-system (38) 옵션 매니저 추가  (옵셔 전광판, 잔존기간 365)\TradingSystem\Release\PositionList.obj
D:\VS 2012 Projects\shp-system (38) 옵션 매니저 추가  (옵셔 전광판, 잔존기간 365)\TradingSystem\Release\Sensitivity.obj
D:\VS 2012 Projects\shp-system (38) 옵션 매니저 추가  (옵셔 전광판, 잔존기간 365)\TradingSystem\Release\ShortPosition.obj
D:\VS 2012 Projects\shp-system (38) 옵션 매니저 추가  (옵셔 전광판, 잔존기간 365)\TradingSystem\Release\stdafx.obj
D:\VS 2012 Projects\shp-system (38) 옵션 매니저 추가  (옵셔 전광판, 잔존기간 365)\TradingSystem\Release\TitleTip.obj
D:\VS 2012 Projects\shp-system (38) 옵션 매니저 추가  (옵셔 전광판, 잔존기간 365)\TradingSystem\Release\TradingSystem.obj
D:\VS 2012 Projects\shp-system (38) 옵션 매니저 추가  (옵셔 전광판, 잔존기간 365)\TradingSystem\Release\TradingSystemDoc.obj
D:\VS 2012 Projects\shp-system (38) 옵션 매니저 추가  (옵셔 전광판, 잔존기간 365)\TradingSystem\Release\TradingSystemManager.obj
D:\VS 2012 Projects\shp-system (38) 옵션 매니저 추가  (옵셔 전광판, 잔존기간 365)\TradingSystem\Release\TradingSystemView.obj
D:\VS 2012 Projects\shp-system (38) 옵션 매니저 추가  (옵셔 전광판, 잔존기간 365)\TradingSystem\Release\cl.command.1.tlog
D:\VS 2012 Projects\shp-system (38) 옵션 매니저 추가  (옵셔 전광판, 잔존기간 365)\TradingSystem\Release\CL.read.1.tlog
D:\VS 2012 Projects\shp-system (38) 옵션 매니저 추가  (옵셔 전광판, 잔존기간 365)\TradingSystem\Release\CL.write.1.tlog
D:\VS 2012 Projects\shp-system (38) 옵션 매니저 추가  (옵셔 전광판, 잔존기간 365)\TradingSystem\Release\link-cvtres.read.1.tlog
D:\VS 2012 Projects\shp-system (38) 옵션 매니저 추가  (옵셔 전광판, 잔존기간 365)\TradingSystem\Release\link-cvtres.write.1.tlog
D:\VS 2012 Projects\shp-system (38) 옵션 매니저 추가  (옵셔 전광판, 잔존기간 365)\TradingSystem\Release\link-mt.read.1.tlog
D:\VS 2012 Projects\shp-system (38) 옵션 매니저 추가  (옵셔 전광판, 잔존기간 365)\TradingSystem\Release\link-mt.write.1.tlog
D:\VS 2012 Projects\shp-system (38) 옵션 매니저 추가  (옵셔 전광판, 잔존기간 365)\TradingSystem\Release\link-rc.read.1.tlog
D:\VS 2012 Projects\shp-system (38) 옵션 매니저 추가  (옵셔 전광판, 잔존기간 365)\TradingSystem\Release\link-rc.write.1.tlog
D:\VS 2012 Projects\shp-system (38) 옵션 매니저 추가  (옵셔 전광판, 잔존기간 365)\TradingSystem\Release\link.command.1.tlog
D:\VS 2012 Projects\shp-system (38) 옵션 매니저 추가  (옵셔 전광판, 잔존기간 365)\TradingSystem\Release\link.read.1.tlog
D:\VS 2012 Projects\shp-system (38) 옵션 매니저 추가  (옵셔 전광판, 잔존기간 365)\TradingSystem\Release\link.write.1.tlog
D:\VS 2012 Projects\shp-system (38) 옵션 매니저 추가  (옵셔 전광판, 잔존기간 365)\TradingSystem\Release\rc.command.1.tlog
D:\VS 2012 Projects\shp-system (38) 옵션 매니저 추가  (옵셔 전광판, 잔존기간 365)\TradingSystem\Release\rc.read.1.tlog
D:\VS 2012 Projects\shp-system (38) 옵션 매니저 추가  (옵셔 전광판, 잔존기간 365)\TradingSystem\Release\rc.write.1.tlog
D:\VS 2012 Projects\shp-system (38) 옵션 매니저 추가  (옵셔 전광판, 잔존기간 365)\TradingSystem\Release\TradingSystem.write.1.tlog
D:\VS 2012 Projects\shp-system (38) 옵션 매니저 추가  (옵셔 전광판, 잔존기간 365)\TradingSystem\Release\TradingSystem.res
D:\VS 2012 Projects\shp-system (38) 옵션 매니저 추가  (옵셔 전광판, 잔존기간 365)\TradingSystem\Release\TradingSystem.pch
D:\VS 2012 Projects\shp-system (38) 옵션 매니저 추가  (옵셔 전광판, 잔존기간 365)\TradingSystem\Release\vc110.pdb
D:\VS 2012 Projects\shp-system (38) 옵션 매니저 추가  (옵셔 전광판, 잔존기간 365)\Release\TradingSystem.pdb
D:\VS 2012 Projects\shp-system (38) 옵션 매니저 추가  (옵셔 전광판, 잔존기간 365)\Release\TradingSystem.exe
